TN:
SF:src/App.tsx
FN:40,initApolloClient
FN:48,(anonymous_1)
FN:67,(anonymous_2)
FN:73,(anonymous_3)
FN:79,(anonymous_4)
FNF:5
FNH:4
FNDA:3,initApolloClient
FNDA:0,(anonymous_1)
FNDA:2,(anonymous_2)
FNDA:2,(anonymous_3)
FNDA:3,(anonymous_4)
DA:42,3
DA:43,3
DA:48,3
DA:49,0
DA:50,0
DA:51,0
DA:59,3
DA:64,3
DA:67,1
DA:68,2
DA:73,1
DA:74,2
DA:79,1
DA:80,3
DA:90,3
DA:92,3
LF:16
LH:13
BRDA:42,0,0,3
BRDA:42,0,1,0
BRDA:54,1,0,0
BRDA:54,1,1,0
BRF:4
BRH:1
end_of_record
TN:
SF:src/index.tsx
FNF:0
FNH:0
DA:6,0
DA:10,0
LF:2
LH:0
BRF:0
BRH:0
end_of_record
TN:
SF:src/admin/AdminContext.tsx
FN:12,(anonymous_0)
FN:14,(anonymous_1)
FN:21,(anonymous_2)
FNF:3
FNH:1
FNDA:0,(anonymous_0)
FNDA:0,(anonymous_1)
FNDA:1,(anonymous_2)
DA:10,1
DA:21,1
DA:22,1
DA:23,1
DA:27,1
LF:5
LH:5
BRF:0
BRH:0
end_of_record
TN:
SF:src/admin/AdminMenu.tsx
FN:15,SideBarTab
FN:43,SignOutPopUp
FN:46,(anonymous_2)
FN:65,AdminMenu
FN:84,(anonymous_4)
FN:113,(anonymous_5)
FN:117,(anonymous_6)
FN:126,(anonymous_7)
FN:131,(anonymous_8)
FNF:9
FNH:0
FNDA:0,SideBarTab
FNDA:0,SignOutPopUp
FNDA:0,(anonymous_2)
FNDA:0,AdminMenu
FNDA:0,(anonymous_4)
FNDA:0,(anonymous_5)
FNDA:0,(anonymous_6)
FNDA:0,(anonymous_7)
FNDA:0,(anonymous_8)
DA:16,0
DA:44,0
DA:46,0
DA:47,0
DA:48,0
DA:51,0
DA:66,0
DA:67,0
DA:68,0
DA:70,0
DA:83,0
DA:84,0
DA:87,0
DA:114,0
DA:117,0
DA:126,0
DA:131,0
LF:17
LH:0
BRDA:78,0,0,0
BRDA:78,0,1,0
BRDA:131,1,0,0
BRDA:131,1,1,0
BRF:4
BRH:0
end_of_record
TN:
SF:src/admin/AdminRoute.tsx
FN:20,AdminRoute
FN:30,(anonymous_1)
FN:36,(anonymous_2)
FN:41,(anonymous_3)
FN:46,(anonymous_4)
FN:47,(anonymous_5)
FN:57,(anonymous_6)
FN:59,(anonymous_7)
FNF:8
FNH:4
FNDA:2,AdminRoute
FNDA:0,(anonymous_1)
FNDA:0,(anonymous_2)
FNDA:0,(anonymous_3)
FNDA:1,(anonymous_4)
FNDA:1,(anonymous_5)
FNDA:2,(anonymous_6)
FNDA:0,(anonymous_7)
DA:21,2
DA:22,2
DA:24,2
DA:25,2
DA:27,2
DA:29,2
DA:31,0
DA:32,0
DA:33,0
DA:35,0
DA:36,0
DA:37,0
DA:39,0
DA:42,0
DA:46,2
DA:47,1
DA:48,1
DA:49,1
DA:50,0
DA:52,1
DA:54,1
DA:57,2
DA:58,2
DA:59,0
DA:60,0
DA:61,0
DA:62,0
DA:63,0
DA:65,0
DA:67,0
DA:69,0
DA:73,2
DA:74,1
DA:77,1
DA:78,1
DA:81,0
DA:82,0
DA:85,0
LF:38
LH:18
BRDA:31,0,0,0
BRDA:31,0,1,0
BRDA:31,1,0,0
BRDA:31,1,1,0
BRDA:49,2,0,0
BRDA:49,2,1,1
BRDA:58,3,0,0
BRDA:58,3,1,2
BRDA:58,4,0,2
BRDA:58,4,1,1
BRDA:62,5,0,0
BRDA:62,5,1,0
BRDA:73,6,0,1
BRDA:73,6,1,1
BRDA:73,7,0,2
BRDA:73,7,1,1
BRDA:77,8,0,1
BRDA:77,8,1,0
BRDA:77,9,0,1
BRDA:77,9,1,0
BRDA:81,10,0,0
BRDA:81,10,1,0
BRF:22
BRH:10
end_of_record
TN:
SF:src/admin/pages/announcements/Main.tsx
FN:17,AdminAnnouncementsPage
FN:35,(anonymous_1)
FN:37,(anonymous_2)
FN:49,(anonymous_3)
FN:57,(anonymous_4)
FN:58,(anonymous_5)
FN:65,(anonymous_6)
FN:69,(anonymous_7)
FN:97,(anonymous_8)
FN:107,(anonymous_9)
FN:111,(anonymous_10)
FN:116,(anonymous_11)
FN:119,(anonymous_12)
FN:125,(anonymous_13)
FN:142,(anonymous_14)
FNF:15
FNH:0
FNDA:0,AdminAnnouncementsPage
FNDA:0,(anonymous_1)
FNDA:0,(anonymous_2)
FNDA:0,(anonymous_3)
FNDA:0,(anonymous_4)
FNDA:0,(anonymous_5)
FNDA:0,(anonymous_6)
FNDA:0,(anonymous_7)
FNDA:0,(anonymous_8)
FNDA:0,(anonymous_9)
FNDA:0,(anonymous_10)
FNDA:0,(anonymous_11)
FNDA:0,(anonymous_12)
FNDA:0,(anonymous_13)
FNDA:0,(anonymous_14)
DA:18,0
DA:19,0
DA:31,0
DA:33,0
DA:35,0
DA:36,0
DA:37,0
DA:40,0
DA:41,0
DA:42,0
DA:45,0
DA:48,0
DA:49,0
DA:52,0
DA:57,0
DA:58,0
DA:59,0
DA:60,0
DA:61,0
DA:65,0
DA:66,0
DA:69,0
DA:70,0
DA:73,0
DA:74,0
DA:75,0
DA:77,0
DA:97,0
DA:108,0
DA:111,0
DA:116,0
DA:119,0
DA:126,0
DA:142,0
LF:34
LH:0
BRDA:37,0,0,0
BRDA:37,0,1,0
BRDA:40,1,0,0
BRDA:40,1,1,0
BRDA:73,2,0,0
BRDA:73,2,1,0
BRDA:74,3,0,0
BRDA:74,3,1,0
BRDA:139,4,0,0
BRDA:139,4,1,0
BRF:10
BRH:0
end_of_record
TN:
SF:src/admin/pages/announcements/components/AnnouncementCard.tsx
FN:21,AnnouncementCard
FN:33,(anonymous_1)
FN:76,(anonymous_2)
FN:80,(anonymous_3)
FN:90,(anonymous_4)
FNF:5
FNH:0
FNDA:0,AnnouncementCard
FNDA:0,(anonymous_1)
FNDA:0,(anonymous_2)
FNDA:0,(anonymous_3)
FNDA:0,(anonymous_4)
DA:29,0
DA:30,0
DA:31,0
DA:32,0
DA:33,0
DA:34,0
DA:35,0
DA:36,0
DA:40,0
DA:41,0
DA:43,0
DA:47,0
DA:76,0
DA:80,0
DA:90,0
LF:15
LH:0
BRDA:60,0,0,0
BRDA:60,0,1,0
BRDA:60,0,2,0
BRDA:62,1,0,0
BRDA:62,1,1,0
BRDA:87,2,0,0
BRDA:87,2,1,0
BRF:7
BRH:0
end_of_record
TN:
SF:src/admin/pages/announcements/components/CreateAnnouncementModal.tsx
FN:15,(anonymous_0)
FN:34,(anonymous_1)
FN:77,(anonymous_2)
FN:85,(anonymous_3)
FN:88,(anonymous_4)
FN:108,(anonymous_5)
FN:116,(anonymous_6)
FNF:7
FNH:0
FNDA:0,(anonymous_0)
FNDA:0,(anonymous_1)
FNDA:0,(anonymous_2)
FNDA:0,(anonymous_3)
FNDA:0,(anonymous_4)
FNDA:0,(anonymous_5)
FNDA:0,(anonymous_6)
DA:15,1
DA:22,0
DA:23,0
DA:24,0
DA:25,0
DA:26,0
DA:28,0
DA:31,0
DA:32,0
DA:34,0
DA:35,0
DA:41,0
DA:42,0
DA:45,0
DA:46,0
DA:47,0
DA:48,0
DA:50,0
DA:51,0
DA:52,0
DA:53,0
DA:54,0
DA:56,0
DA:57,0
DA:60,0
DA:69,0
DA:70,0
DA:71,0
DA:73,0
DA:77,0
DA:78,0
DA:79,0
DA:80,0
DA:82,0
DA:85,0
DA:86,0
DA:87,0
DA:88,0
DA:90,0
DA:95,0
DA:110,0
DA:112,0
DA:116,0
LF:43
LH:1
BRDA:35,0,0,0
BRDA:35,0,1,0
BRDA:36,1,0,0
BRDA:36,1,1,0
BRDA:36,1,2,0
BRDA:36,1,3,0
BRDA:46,2,0,0
BRDA:46,2,1,0
BRDA:52,3,0,0
BRDA:52,3,1,0
BRDA:78,4,0,0
BRDA:78,4,1,0
BRDA:79,5,0,0
BRDA:79,5,1,0
BRDA:87,6,0,0
BRDA:87,6,1,0
BRDA:110,7,0,0
BRDA:110,7,1,0
BRDA:115,8,0,0
BRDA:115,8,1,0
BRF:20
BRH:0
end_of_record
TN:
SF:src/admin/pages/announcements/components/EditAnnouncementModal.tsx
FN:22,(anonymous_0)
FN:38,(anonymous_1)
FN:67,(anonymous_2)
FNF:3
FNH:0
FNDA:0,(anonymous_0)
FNDA:0,(anonymous_1)
FNDA:0,(anonymous_2)
DA:22,1
DA:30,0
DA:31,0
DA:33,0
DA:34,0
DA:36,0
DA:38,0
DA:39,0
DA:40,0
DA:41,0
DA:42,0
DA:45,0
DA:46,0
DA:54,0
DA:55,0
DA:56,0
DA:58,0
DA:62,0
DA:67,0
LF:19
LH:1
BRDA:40,0,0,0
BRDA:40,0,1,0
BRDA:40,1,0,0
BRDA:40,1,1,0
BRDA:40,1,2,0
BRF:5
BRH:0
end_of_record
TN:
SF:src/admin/pages/badges/Main.tsx
FN:16,AdminBadgesPage
FN:78,(anonymous_1)
FN:83,(anonymous_2)
FN:99,(anonymous_3)
FN:105,(anonymous_4)
FNF:5
FNH:0
FNDA:0,AdminBadgesPage
FNDA:0,(anonymous_1)
FNDA:0,(anonymous_2)
FNDA:0,(anonymous_3)
FNDA:0,(anonymous_4)
DA:17,0
DA:19,0
DA:20,0
DA:27,0
DA:34,0
DA:36,0
DA:78,0
DA:83,0
DA:99,0
DA:105,0
LF:10
LH:0
BRDA:55,0,0,0
BRDA:55,0,1,0
BRDA:56,1,0,0
BRDA:56,1,1,0
BRDA:74,2,0,0
BRDA:74,2,1,0
BRDA:92,3,0,0
BRDA:92,3,1,0
BRDA:93,4,0,0
BRDA:93,4,1,0
BRDA:97,5,0,0
BRDA:97,5,1,0
BRDA:103,6,0,0
BRDA:103,6,1,0
BRDA:106,7,0,0
BRDA:106,7,1,0
BRF:16
BRH:0
end_of_record
TN:
SF:src/admin/pages/badges/components/AssignCustomBadgeModal.tsx
FN:20,(anonymous_0)
FN:37,(anonymous_1)
FN:42,(anonymous_2)
FN:44,(anonymous_3)
FN:47,(anonymous_4)
FN:48,(anonymous_5)
FN:54,(anonymous_6)
FN:63,(anonymous_7)
FN:72,(anonymous_8)
FN:97,(anonymous_9)
FN:111,(anonymous_10)
FN:117,(anonymous_11)
FN:135,(anonymous_12)
FN:139,(anonymous_13)
FNF:14
FNH:0
FNDA:0,(anonymous_0)
FNDA:0,(anonymous_1)
FNDA:0,(anonymous_2)
FNDA:0,(anonymous_3)
FNDA:0,(anonymous_4)
FNDA:0,(anonymous_5)
FNDA:0,(anonymous_6)
FNDA:0,(anonymous_7)
FNDA:0,(anonymous_8)
FNDA:0,(anonymous_9)
FNDA:0,(anonymous_10)
FNDA:0,(anonymous_11)
FNDA:0,(anonymous_12)
FNDA:0,(anonymous_13)
DA:20,1
DA:24,0
DA:25,0
DA:26,0
DA:27,0
DA:28,0
DA:31,0
DA:32,0
DA:35,0
DA:37,0
DA:38,0
DA:39,0
DA:41,0
DA:42,0
DA:43,0
DA:44,0
DA:47,0
DA:48,0
DA:50,0
DA:54,0
DA:55,0
DA:56,0
DA:57,0
DA:58,0
DA:59,0
DA:62,0
DA:64,0
DA:66,0
DA:67,0
DA:68,0
DA:70,0
DA:71,0
DA:73,0
DA:84,0
DA:85,0
DA:87,0
DA:92,0
DA:98,0
DA:99,0
DA:100,0
DA:101,0
DA:102,0
DA:103,0
DA:112,0
DA:117,0
DA:136,0
DA:139,0
LF:47
LH:1
BRDA:38,0,0,0
BRDA:38,0,1,0
BRDA:38,1,0,0
BRDA:38,1,1,0
BRDA:43,2,0,0
BRDA:43,2,1,0
BRDA:48,3,0,0
BRDA:48,3,1,0
BRDA:56,4,0,0
BRDA:56,4,1,0
BRDA:56,5,0,0
BRDA:56,5,1,0
BRDA:56,5,2,0
BRDA:58,6,0,0
BRDA:58,6,1,0
BRDA:62,7,0,0
BRDA:62,7,1,0
BRDA:66,8,0,0
BRDA:66,8,1,0
BRF:19
BRH:0
end_of_record
TN:
SF:src/admin/pages/badges/components/CreateCustomBadgeModal.tsx
FN:16,(anonymous_0)
FN:37,(anonymous_1)
FN:64,(anonymous_2)
FN:88,(anonymous_3)
FN:105,(anonymous_4)
FNF:5
FNH:0
FNDA:0,(anonymous_0)
FNDA:0,(anonymous_1)
FNDA:0,(anonymous_2)
FNDA:0,(anonymous_3)
FNDA:0,(anonymous_4)
DA:16,1
DA:20,0
DA:21,0
DA:22,0
DA:23,0
DA:24,0
DA:25,0
DA:35,0
DA:37,0
DA:38,0
DA:39,0
DA:40,0
DA:42,0
DA:43,0
DA:50,0
DA:51,0
DA:52,0
DA:54,0
DA:59,0
DA:65,0
DA:66,0
DA:89,0
DA:90,0
DA:92,0
DA:105,0
LF:25
LH:1
BRDA:39,0,0,0
BRDA:39,0,1,0
BRDA:39,1,0,0
BRDA:39,1,1,0
BRDA:39,1,2,0
BRDA:101,2,0,0
BRDA:101,2,1,0
BRDA:112,3,0,0
BRDA:112,3,1,0
BRF:9
BRH:0
end_of_record
TN:
SF:src/admin/pages/badges/components/CustomBadgeTable.tsx
FN:20,(anonymous_0)
FN:35,handleDelete
FN:64,(anonymous_2)
FN:75,(anonymous_3)
FN:82,(anonymous_4)
FN:93,(anonymous_5)
FNF:6
FNH:0
FNDA:0,(anonymous_0)
FNDA:0,handleDelete
FNDA:0,(anonymous_2)
FNDA:0,(anonymous_3)
FNDA:0,(anonymous_4)
FNDA:0,(anonymous_5)
DA:20,1
DA:26,0
DA:27,0
DA:28,0
DA:29,0
DA:30,0
DA:33,0
DA:36,0
DA:37,0
DA:38,0
DA:43,0
DA:44,0
DA:46,0
DA:50,0
DA:63,0
DA:65,0
DA:66,0
DA:76,0
DA:77,0
DA:82,0
DA:90,0
DA:91,0
DA:94,0
DA:95,0
DA:103,0
LF:25
LH:1
BRDA:55,0,0,0
BRDA:55,0,1,0
BRDA:63,1,0,0
BRDA:63,1,1,0
BRDA:71,2,0,0
BRDA:71,2,1,0
BRDA:90,3,0,0
BRDA:90,3,1,0
BRDA:90,4,0,0
BRDA:90,4,1,0
BRDA:105,5,0,0
BRDA:105,5,1,0
BRF:12
BRH:0
end_of_record
TN:
SF:src/admin/pages/badges/components/EditCustomBadgeModal.tsx
FN:14,(anonymous_0)
FN:26,(anonymous_1)
FNF:2
FNH:0
FNDA:0,(anonymous_0)
FNDA:0,(anonymous_1)
DA:14,1
DA:19,0
DA:20,0
DA:21,0
DA:22,0
DA:24,0
DA:26,0
DA:27,0
DA:28,0
DA:29,0
DA:30,0
DA:33,0
DA:34,0
DA:42,0
DA:43,0
DA:44,0
DA:46,0
DA:50,0
LF:18
LH:1
BRDA:28,0,0,0
BRDA:28,0,1,0
BRDA:28,1,0,0
BRDA:28,1,1,0
BRF:4
BRH:0
end_of_record
TN:
SF:src/admin/pages/badges/components/EditSystemBadgeModal.tsx
FN:23,(anonymous_0)
FN:42,(anonymous_1)
FN:72,(anonymous_2)
FN:77,(anonymous_3)
FN:168,(anonymous_4)
FN:184,(anonymous_5)
FN:185,(anonymous_6)
FN:203,(anonymous_7)
FN:210,(anonymous_8)
FN:211,(anonymous_9)
FNF:10
FNH:0
FNDA:0,(anonymous_0)
FNDA:0,(anonymous_1)
FNDA:0,(anonymous_2)
FNDA:0,(anonymous_3)
FNDA:0,(anonymous_4)
FNDA:0,(anonymous_5)
FNDA:0,(anonymous_6)
FNDA:0,(anonymous_7)
FNDA:0,(anonymous_8)
FNDA:0,(anonymous_9)
DA:23,1
DA:29,0
DA:30,0
DA:53,0
DA:65,0
DA:66,0
DA:68,0
DA:70,0
DA:72,0
DA:73,0
DA:75,0
DA:76,0
DA:77,0
DA:79,0
DA:80,0
DA:81,0
DA:85,0
DA:101,0
DA:102,0
DA:103,0
DA:106,0
DA:107,0
DA:115,0
DA:116,0
DA:120,0
DA:133,0
DA:134,0
DA:135,0
DA:136,0
DA:137,0
DA:139,0
DA:143,0
DA:169,0
DA:170,0
DA:171,0
DA:185,0
DA:186,0
DA:204,0
DA:205,0
DA:206,0
DA:211,0
DA:212,0
LF:42
LH:1
BRDA:77,0,0,0
BRDA:77,0,1,0
BRDA:79,1,0,0
BRDA:79,1,1,0
BRDA:79,2,0,0
BRDA:79,2,1,0
BRDA:79,2,2,0
BRDA:85,3,0,0
BRDA:85,3,1,0
BRDA:85,3,2,0
BRDA:85,3,3,0
BRDA:85,3,4,0
BRDA:85,3,5,0
BRDA:85,3,6,0
BRDA:85,3,7,0
BRDA:85,3,8,0
BRDA:85,3,9,0
BRDA:85,3,10,0
BRDA:85,3,11,0
BRDA:101,4,0,0
BRDA:101,4,1,0
BRDA:116,5,0,0
BRDA:116,5,1,0
BRDA:117,6,0,0
BRDA:117,6,1,0
BRDA:150,7,0,0
BRDA:150,7,1,0
BRDA:169,8,0,0
BRDA:169,8,1,0
BRDA:204,9,0,0
BRDA:204,9,1,0
BRF:31
BRH:0
end_of_record
TN:
SF:src/admin/pages/badges/components/SystemBadgeTable.tsx
FN:22,(anonymous_0)
FN:36,changeActivityStatus
FN:65,(anonymous_2)
FN:67,(anonymous_3)
FN:68,(anonymous_4)
FN:70,(anonymous_5)
FN:84,(anonymous_6)
FN:87,(anonymous_7)
FN:93,(anonymous_8)
FN:115,(anonymous_9)
FNF:10
FNH:0
FNDA:0,(anonymous_0)
FNDA:0,changeActivityStatus
FNDA:0,(anonymous_2)
FNDA:0,(anonymous_3)
FNDA:0,(anonymous_4)
FNDA:0,(anonymous_5)
FNDA:0,(anonymous_6)
FNDA:0,(anonymous_7)
FNDA:0,(anonymous_8)
FNDA:0,(anonymous_9)
DA:22,1
DA:28,0
DA:29,0
DA:30,0
DA:31,0
DA:32,0
DA:34,0
DA:37,0
DA:38,0
DA:44,0
DA:45,0
DA:47,0
DA:50,0
DA:64,0
DA:66,0
DA:67,0
DA:68,0
DA:70,0
DA:72,0
DA:88,0
DA:94,0
DA:95,0
DA:104,0
DA:116,0
DA:117,0
LF:25
LH:1
BRDA:56,0,0,0
BRDA:56,0,1,0
BRDA:64,1,0,0
BRDA:64,1,1,0
BRDA:78,2,0,0
BRDA:78,2,1,0
BRDA:112,3,0,0
BRDA:112,3,1,0
BRDA:112,3,2,0
BRF:9
BRH:0
end_of_record
TN:
SF:src/admin/pages/home/Main.tsx
FN:8,(anonymous_0)
FNF:1
FNH:0
FNDA:0,(anonymous_0)
DA:8,1
DA:9,0
LF:2
LH:1
BRF:0
BRH:0
end_of_record
TN:
SF:src/admin/pages/home/components/AnnouncementSection.tsx
FN:14,(anonymous_0)
FN:43,(anonymous_1)
FN:83,(anonymous_2)
FN:100,(anonymous_3)
FNF:4
FNH:1
FNDA:0,(anonymous_0)
FNDA:1,(anonymous_1)
FNDA:0,(anonymous_2)
FNDA:0,(anonymous_3)
DA:14,2
DA:17,0
DA:43,2
DA:44,1
DA:50,1
DA:52,1
DA:54,1
DA:83,0
DA:101,0
LF:9
LH:6
BRDA:52,0,0,1
BRDA:52,0,1,0
BRDA:78,1,0,0
BRDA:78,1,1,1
BRDA:90,2,0,0
BRDA:90,2,1,1
BRDA:99,3,0,0
BRDA:99,3,1,1
BRF:8
BRH:4
end_of_record
TN:
SF:src/admin/pages/home/components/NoteSection.tsx
FN:22,(anonymous_0)
FN:41,sendNote
FN:53,dismissNote
FN:107,(anonymous_3)
FN:138,(anonymous_4)
FN:169,(anonymous_5)
FN:180,(anonymous_6)
FNF:7
FNH:1
FNDA:1,(anonymous_0)
FNDA:0,sendNote
FNDA:0,dismissNote
FNDA:0,(anonymous_3)
FNDA:0,(anonymous_4)
FNDA:0,(anonymous_5)
FNDA:0,(anonymous_6)
DA:22,2
DA:23,1
DA:26,1
DA:31,1
DA:39,1
DA:42,0
DA:43,0
DA:45,0
DA:50,0
DA:54,0
DA:61,1
DA:108,0
DA:138,0
DA:169,0
DA:180,0
LF:15
LH:6
BRDA:42,0,0,0
BRDA:42,0,1,0
BRDA:95,1,0,0
BRDA:95,1,1,1
BRDA:102,2,0,1
BRDA:102,2,1,0
BRF:6
BRH:2
end_of_record
TN:
SF:src/admin/pages/home/components/RoomsOverview.tsx
FN:13,RoomsOverview
FN:20,(anonymous_1)
FN:61,(anonymous_2)
FN:101,(anonymous_3)
FN:119,(anonymous_4)
FNF:5
FNH:0
FNDA:0,RoomsOverview
FNDA:0,(anonymous_1)
FNDA:0,(anonymous_2)
FNDA:0,(anonymous_3)
FNDA:0,(anonymous_4)
DA:14,0
DA:15,0
DA:19,0
DA:20,0
DA:21,0
DA:29,0
DA:62,0
DA:101,0
DA:119,0
LF:9
LH:0
BRDA:83,0,0,0
BRDA:83,0,1,0
BRF:2
BRH:0
end_of_record
TN:
SF:src/admin/pages/login/Main.tsx
FN:15,AdminLoginPage
FN:28,(anonymous_1)
FN:32,(anonymous_2)
FN:38,(anonymous_3)
FN:39,(anonymous_4)
FN:49,(anonymous_5)
FNF:6
FNH:4
FNDA:4,AdminLoginPage
FNDA:0,(anonymous_1)
FNDA:0,(anonymous_2)
FNDA:2,(anonymous_3)
FNDA:2,(anonymous_4)
FNDA:1,(anonymous_5)
DA:16,4
DA:18,4
DA:19,4
DA:20,4
DA:22,4
DA:23,4
DA:25,4
DA:29,0
DA:30,0
DA:33,0
DA:38,4
DA:39,2
DA:40,2
DA:41,2
DA:42,0
DA:44,2
DA:46,2
DA:49,4
DA:50,1
DA:51,1
DA:52,1
DA:54,0
DA:58,4
DA:59,2
DA:62,2
DA:63,0
DA:66,2
LF:27
LH:21
BRDA:41,0,0,0
BRDA:41,0,1,2
BRDA:51,1,0,1
BRDA:51,1,1,0
BRDA:51,2,0,1
BRDA:51,2,1,0
BRDA:58,3,0,2
BRDA:58,3,1,2
BRDA:62,4,0,0
BRDA:62,4,1,2
BRDA:119,5,0,2
BRDA:119,5,1,1
BRF:12
BRH:8
end_of_record
TN:
SF:src/admin/pages/participants/Main.tsx
FN:16,AdminParticipantsPage
FN:32,(anonymous_1)
FN:47,(anonymous_2)
FNF:3
FNH:0
FNDA:0,AdminParticipantsPage
FNDA:0,(anonymous_1)
FNDA:0,(anonymous_2)
DA:22,0
DA:28,0
DA:30,0
DA:31,0
DA:32,0
DA:33,0
DA:37,0
DA:38,0
DA:40,0
DA:48,0
LF:10
LH:0
BRDA:31,0,0,0
BRDA:31,0,1,0
BRDA:31,1,0,0
BRDA:31,1,1,0
BRDA:37,2,0,0
BRDA:37,2,1,0
BRDA:37,3,0,0
BRDA:37,3,1,0
BRDA:38,4,0,0
BRDA:38,4,1,0
BRDA:38,5,0,0
BRDA:38,5,1,0
BRDA:48,6,0,0
BRDA:48,6,1,0
BRDA:70,7,0,0
BRDA:70,7,1,0
BRF:16
BRH:0
end_of_record
TN:
SF:src/admin/pages/participants/components/AddParticipantCard.tsx
FN:16,(anonymous_0)
FN:28,(anonymous_1)
FN:31,(anonymous_2)
FN:37,handleSubmit
FN:72,(anonymous_4)
FN:78,(anonymous_5)
FN:84,(anonymous_6)
FNF:7
FNH:0
FNDA:0,(anonymous_0)
FNDA:0,(anonymous_1)
FNDA:0,(anonymous_2)
FNDA:0,handleSubmit
FNDA:0,(anonymous_4)
FNDA:0,(anonymous_5)
FNDA:0,(anonymous_6)
DA:16,1
DA:21,0
DA:22,0
DA:23,0
DA:25,0
DA:27,0
DA:29,0
DA:32,0
DA:33,0
DA:38,0
DA:40,0
DA:41,0
DA:43,0
DA:44,0
DA:45,0
DA:46,0
DA:49,0
DA:60,0
DA:72,0
DA:78,0
DA:84,0
LF:21
LH:1
BRDA:40,0,0,0
BRDA:40,0,1,0
BRDA:40,1,0,0
BRDA:40,1,1,0
BRDA:40,1,2,0
BRDA:44,2,0,0
BRDA:44,2,1,0
BRF:7
BRH:0
end_of_record
TN:
SF:src/admin/pages/participants/components/EditParticipantCard.tsx
FN:26,EditParticipantCard
FN:55,handleSubmit
FN:161,(anonymous_2)
FN:173,(anonymous_3)
FN:218,(anonymous_4)
FN:222,(anonymous_5)
FNF:6
FNH:0
FNDA:0,EditParticipantCard
FNDA:0,handleSubmit
FNDA:0,(anonymous_2)
FNDA:0,(anonymous_3)
FNDA:0,(anonymous_4)
FNDA:0,(anonymous_5)
DA:33,0
DA:34,0
DA:35,0
DA:36,0
DA:39,0
DA:41,0
DA:42,0
DA:43,0
DA:47,0
DA:48,0
DA:50,0
DA:51,0
DA:53,0
DA:54,0
DA:56,0
DA:57,0
DA:59,0
DA:65,0
DA:66,0
DA:67,0
DA:70,0
DA:76,0
DA:77,0
DA:80,0
DA:81,0
DA:82,0
DA:85,0
DA:86,0
DA:87,0
DA:90,0
DA:91,0
DA:92,0
DA:95,0
DA:96,0
DA:107,0
DA:108,0
DA:116,0
DA:117,0
DA:118,0
DA:119,0
DA:121,0
DA:125,0
DA:126,0
DA:129,0
DA:162,0
DA:163,0
DA:164,0
DA:166,0
DA:167,0
DA:174,0
DA:175,0
DA:176,0
DA:178,0
DA:179,0
DA:219,0
DA:222,0
LF:56
LH:0
BRDA:36,0,0,0
BRDA:36,0,1,0
BRDA:59,1,0,0
BRDA:59,1,1,0
BRDA:60,2,0,0
BRDA:60,2,1,0
BRDA:60,2,2,0
BRDA:60,2,3,0
BRDA:60,2,4,0
BRDA:60,2,5,0
BRDA:66,3,0,0
BRDA:66,3,1,0
BRDA:66,4,0,0
BRDA:66,4,1,0
BRDA:70,5,0,0
BRDA:70,5,1,0
BRDA:71,6,0,0
BRDA:71,6,1,0
BRDA:71,6,2,0
BRDA:71,6,3,0
BRDA:80,7,0,0
BRDA:80,7,1,0
BRDA:80,8,0,0
BRDA:80,8,1,0
BRDA:85,9,0,0
BRDA:85,9,1,0
BRDA:90,10,0,0
BRDA:90,10,1,0
BRDA:90,11,0,0
BRDA:90,11,1,0
BRDA:99,12,0,0
BRDA:99,12,1,0
BRDA:102,13,0,0
BRDA:102,13,1,0
BRDA:102,14,0,0
BRDA:102,14,1,0
BRDA:107,15,0,0
BRDA:107,15,1,0
BRDA:107,16,0,0
BRDA:107,16,1,0
BRDA:125,17,0,0
BRDA:125,17,1,0
BRDA:162,18,0,0
BRDA:162,18,1,0
BRDA:174,19,0,0
BRDA:174,19,1,0
BRDA:208,20,0,0
BRDA:208,20,1,0
BRDA:208,20,2,0
BRDA:212,21,0,0
BRDA:212,21,1,0
BRDA:230,22,0,0
BRDA:230,22,1,0
BRDA:231,23,0,0
BRDA:231,23,1,0
BRDA:242,24,0,0
BRDA:242,24,1,0
BRDA:251,25,0,0
BRDA:251,25,1,0
BRF:59
BRH:0
end_of_record
TN:
SF:src/admin/pages/participants/components/EditPastParticipantCard.tsx
FN:17,EditPastParticipantCard
FN:30,handleSubmit
FNF:2
FNH:0
FNDA:0,EditPastParticipantCard
FNDA:0,handleSubmit
DA:24,0
DA:25,0
DA:26,0
DA:27,0
DA:28,0
DA:31,0
DA:32,0
DA:33,0
DA:34,0
DA:38,0
DA:39,0
DA:40,0
DA:42,0
DA:43,0
DA:44,0
DA:45,0
DA:46,0
DA:48,0
DA:49,0
DA:56,0
DA:57,0
DA:58,0
DA:60,0
DA:66,0
LF:24
LH:0
BRDA:32,0,0,0
BRDA:32,0,1,0
BRDA:32,1,0,0
BRDA:32,1,1,0
BRDA:34,2,0,0
BRDA:34,2,1,0
BRDA:35,3,0,0
BRDA:35,3,1,0
BRDA:39,4,0,0
BRDA:39,4,1,0
BRDA:39,5,0,0
BRDA:39,5,1,0
BRDA:43,6,0,0
BRDA:43,6,1,0
BRDA:45,7,0,0
BRDA:45,7,1,0
BRDA:45,8,0,0
BRDA:45,8,1,0
BRF:18
BRH:0
end_of_record
TN:
SF:src/admin/pages/participants/components/EmptyRoomCard.tsx
FN:11,EmptyRoomCard
FN:50,(anonymous_1)
FN:58,(anonymous_2)
FNF:3
FNH:0
FNDA:0,EmptyRoomCard
FNDA:0,(anonymous_1)
FNDA:0,(anonymous_2)
DA:15,0
DA:16,0
DA:50,0
DA:58,0
LF:4
LH:0
BRDA:55,0,0,0
BRDA:55,0,1,0
BRF:2
BRH:0
end_of_record
TN:
SF:src/admin/pages/participants/components/OccupiedRoomCard.tsx
FN:15,(anonymous_0)
FN:69,(anonymous_1)
FN:78,(anonymous_2)
FNF:3
FNH:0
FNDA:0,(anonymous_0)
FNDA:0,(anonymous_1)
FNDA:0,(anonymous_2)
DA:15,1
DA:21,0
DA:22,0
DA:23,0
DA:24,0
DA:69,0
DA:78,0
LF:7
LH:1
BRDA:74,0,0,0
BRDA:74,0,1,0
BRF:2
BRH:0
end_of_record
TN:
SF:src/admin/pages/participants/components/PastParticipantTable.tsx
FN:15,(anonymous_0)
FN:43,(anonymous_1)
FN:58,(anonymous_2)
FN:84,(anonymous_3)
FNF:4
FNH:1
FNDA:1,(anonymous_0)
FNDA:0,(anonymous_1)
FNDA:0,(anonymous_2)
FNDA:0,(anonymous_3)
DA:15,2
DA:21,1
DA:22,1
DA:23,1
DA:24,1
DA:26,1
DA:42,1
DA:44,0
DA:59,0
DA:60,0
DA:61,0
DA:64,0
DA:71,1
DA:84,0
LF:14
LH:8
BRDA:42,0,0,0
BRDA:42,0,1,1
BRDA:52,1,0,0
BRDA:52,1,1,0
BRDA:62,2,0,0
BRDA:62,2,1,0
BRDA:79,3,0,1
BRDA:79,3,1,0
BRDA:79,3,2,0
BRDA:79,3,3,0
BRDA:79,3,4,0
BRF:11
BRH:2
end_of_record
TN:
SF:src/admin/pages/reports/Main.tsx
FN:20,AdminReportsPage
FN:52,(anonymous_1)
FN:61,(anonymous_2)
FNF:3
FNH:0
FNDA:0,AdminReportsPage
FNDA:0,(anonymous_1)
FNDA:0,(anonymous_2)
DA:21,0
DA:22,0
DA:23,0
DA:25,0
DA:27,0
DA:28,0
DA:29,0
DA:30,0
DA:32,0
DA:52,0
DA:61,0
LF:11
LH:0
BRDA:23,0,0,0
BRDA:23,0,1,0
BRDA:27,1,0,0
BRDA:27,1,1,0
BRDA:28,2,0,0
BRDA:28,2,1,0
BRDA:29,3,0,0
BRDA:29,3,1,0
BRDA:60,4,0,0
BRDA:60,4,1,0
BRF:10
BRH:0
end_of_record
TN:
SF:src/admin/pages/reports/components/AddEmailModal.tsx
FN:15,AddEmailModal
FN:26,(anonymous_1)
FN:56,(anonymous_2)
FNF:3
FNH:0
FNDA:0,AddEmailModal
FNDA:0,(anonymous_1)
FNDA:0,(anonymous_2)
DA:19,0
DA:20,0
DA:21,0
DA:22,0
DA:23,0
DA:25,0
DA:26,0
DA:31,0
DA:32,0
DA:33,0
DA:34,0
DA:36,0
DA:37,0
DA:44,0
DA:45,0
DA:46,0
DA:48,0
DA:52,0
DA:56,0
LF:19
LH:0
BRDA:32,0,0,0
BRDA:32,0,1,0
BRDA:32,1,0,0
BRDA:32,1,1,0
BRF:4
BRH:0
end_of_record
TN:
SF:src/admin/pages/reports/components/ReportsTable.tsx
FN:23,ReportsTable
FN:30,(anonymous_1)
FN:45,(anonymous_2)
FN:60,(anonymous_3)
FN:81,(anonymous_4)
FN:86,(anonymous_5)
FN:87,(anonymous_6)
FN:90,(anonymous_7)
FN:91,(anonymous_8)
FN:95,(anonymous_9)
FNF:10
FNH:1
FNDA:1,ReportsTable
FNDA:0,(anonymous_1)
FNDA:0,(anonymous_2)
FNDA:0,(anonymous_3)
FNDA:0,(anonymous_4)
FNDA:0,(anonymous_5)
FNDA:0,(anonymous_6)
FNDA:0,(anonymous_7)
FNDA:0,(anonymous_8)
FNDA:0,(anonymous_9)
DA:25,1
DA:27,1
DA:28,1
DA:30,1
DA:31,0
DA:32,0
DA:38,0
DA:39,0
DA:41,0
DA:45,1
DA:46,0
DA:47,0
DA:53,0
DA:54,0
DA:56,0
DA:60,1
DA:61,0
DA:62,0
DA:67,0
DA:68,0
DA:70,0
DA:74,1
DA:81,1
DA:87,0
DA:91,0
DA:95,0
DA:99,1
LF:27
LH:9
BRDA:101,0,0,1
BRDA:101,0,1,1
BRF:2
BRH:2
end_of_record
TN:
SF:src/admin/pages/schedule/Main.tsx
FN:27,AdminSchedulePage
FN:71,(anonymous_1)
FN:81,(anonymous_2)
FN:113,(anonymous_3)
FN:122,(anonymous_4)
FN:149,(anonymous_5)
FN:178,(anonymous_6)
FN:220,(anonymous_7)
FN:228,(anonymous_8)
FN:236,(anonymous_9)
FN:255,(anonymous_10)
FNF:11
FNH:0
FNDA:0,AdminSchedulePage
FNDA:0,(anonymous_1)
FNDA:0,(anonymous_2)
FNDA:0,(anonymous_3)
FNDA:0,(anonymous_4)
FNDA:0,(anonymous_5)
FNDA:0,(anonymous_6)
FNDA:0,(anonymous_7)
FNDA:0,(anonymous_8)
FNDA:0,(anonymous_9)
FNDA:0,(anonymous_10)
DA:28,0
DA:29,0
DA:30,0
DA:34,0
DA:36,0
DA:37,0
DA:38,0
DA:40,0
DA:41,0
DA:44,0
DA:51,0
DA:64,0
DA:71,0
DA:72,0
DA:73,0
DA:81,0
DA:82,0
DA:83,0
DA:92,0
DA:93,0
DA:95,0
DA:113,0
DA:122,0
DA:149,0
DA:178,0
DA:220,0
DA:228,0
DA:236,0
DA:255,0
LF:29
LH:0
BRDA:30,0,0,0
BRDA:30,0,1,0
BRDA:72,1,0,0
BRDA:72,1,1,0
BRDA:82,2,0,0
BRDA:82,2,1,0
BRDA:92,3,0,0
BRDA:92,3,1,0
BRDA:92,4,0,0
BRDA:92,4,1,0
BRDA:93,5,0,0
BRDA:93,5,1,0
BRDA:93,6,0,0
BRDA:93,6,1,0
BRDA:102,7,0,0
BRDA:102,7,1,0
BRDA:110,8,0,0
BRDA:110,8,1,0
BRDA:184,9,0,0
BRDA:184,9,1,0
BRDA:186,10,0,0
BRDA:186,10,1,0
BRDA:197,11,0,0
BRDA:197,11,1,0
BRDA:206,12,0,0
BRDA:206,12,1,0
BRDA:214,13,0,0
BRDA:214,13,1,0
BRDA:217,14,0,0
BRDA:217,14,1,0
BRDA:225,15,0,0
BRDA:225,15,1,0
BRDA:233,16,0,0
BRDA:233,16,1,0
BRF:34
BRH:0
end_of_record
TN:
SF:src/admin/pages/schedule/components/AnyDayTasksTable.tsx
FN:23,AnyDayTasksTable
FN:37,isAnyDayTask
FN:42,(anonymous_2)
FN:43,(anonymous_3)
FN:53,(anonymous_4)
FN:57,(anonymous_5)
FN:65,(anonymous_6)
FNF:7
FNH:0
FNDA:0,AnyDayTasksTable
FNDA:0,isAnyDayTask
FNDA:0,(anonymous_2)
FNDA:0,(anonymous_3)
FNDA:0,(anonymous_4)
FNDA:0,(anonymous_5)
FNDA:0,(anonymous_6)
DA:29,0
DA:38,0
DA:41,0
DA:42,0
DA:43,0
DA:57,0
DA:65,0
DA:69,0
LF:8
LH:0
BRF:0
BRH:0
end_of_record
TN:
SF:src/admin/pages/schedule/components/AssignTaskModal.tsx
FN:33,InitialAssignTaskModal
FN:65,(anonymous_1)
FN:67,(anonymous_2)
FN:86,(anonymous_3)
FN:89,(anonymous_4)
FN:102,AssignTaskModal
FN:128,handleSubmit
FN:150,(anonymous_7)
FN:177,(anonymous_8)
FN:182,(anonymous_9)
FN:239,(anonymous_10)
FNF:11
FNH:0
FNDA:0,InitialAssignTaskModal
FNDA:0,(anonymous_1)
FNDA:0,(anonymous_2)
FNDA:0,(anonymous_3)
FNDA:0,(anonymous_4)
FNDA:0,AssignTaskModal
FNDA:0,handleSubmit
FNDA:0,(anonymous_7)
FNDA:0,(anonymous_8)
FNDA:0,(anonymous_9)
FNDA:0,(anonymous_10)
DA:37,0
DA:38,0
DA:44,0
DA:52,0
DA:56,0
DA:61,0
DA:66,0
DA:67,0
DA:69,0
DA:70,0
DA:71,0
DA:73,0
DA:86,0
DA:89,0
DA:107,0
DA:108,0
DA:109,0
DA:110,0
DA:111,0
DA:112,0
DA:113,0
DA:116,0
DA:117,0
DA:120,0
DA:121,0
DA:122,0
DA:123,0
DA:124,0
DA:127,0
DA:129,0
DA:142,0
DA:143,0
DA:144,0
DA:145,0
DA:148,0
DA:149,0
DA:150,0
DA:151,0
DA:165,0
DA:166,0
DA:167,0
DA:168,0
DA:170,0
DA:174,0
DA:175,0
DA:178,0
DA:179,0
DA:180,0
DA:181,0
DA:182,0
DA:183,0
DA:184,0
DA:186,0
DA:187,0
DA:188,0
DA:189,0
DA:190,0
DA:191,0
DA:193,0
DA:194,0
DA:196,0
DA:198,0
DA:199,0
DA:200,0
DA:201,0
DA:202,0
DA:203,0
DA:204,0
DA:211,0
LF:69
LH:0
BRDA:57,0,0,0
BRDA:57,0,1,0
BRDA:58,1,0,0
BRDA:58,1,1,0
BRDA:69,2,0,0
BRDA:69,2,1,0
BRDA:76,3,0,0
BRDA:76,3,1,0
BRDA:78,4,0,0
BRDA:78,4,1,0
BRDA:78,4,2,0
BRDA:130,5,0,0
BRDA:130,5,1,0
BRDA:133,6,0,0
BRDA:133,6,1,0
BRDA:135,7,0,0
BRDA:135,7,1,0
BRDA:136,8,0,0
BRDA:136,8,1,0
BRDA:137,9,0,0
BRDA:137,9,1,0
BRDA:143,10,0,0
BRDA:143,10,1,0
BRDA:174,11,0,0
BRDA:174,11,1,0
BRDA:183,12,0,0
BRDA:183,12,1,0
BRDA:186,13,0,0
BRDA:186,13,1,0
BRDA:193,14,0,0
BRDA:193,14,1,0
BRDA:199,15,0,0
BRDA:199,15,1,0
BRDA:200,16,0,0
BRDA:200,16,1,0
BRDA:203,17,0,0
BRDA:203,17,1,0
BRDA:220,18,0,0
BRDA:220,18,1,0
BRF:39
BRH:0
end_of_record
TN:
SF:src/admin/pages/schedule/components/DailyTasksTable.tsx
FN:21,DailyTasksTable
FN:41,isDailyTask
FN:49,(anonymous_2)
FN:52,(anonymous_3)
FN:53,(anonymous_4)
FN:63,(anonymous_5)
FN:77,(anonymous_6)
FN:86,(anonymous_7)
FN:89,(anonymous_8)
FNF:9
FNH:0
FNDA:0,DailyTasksTable
FNDA:0,isDailyTask
FNDA:0,(anonymous_2)
FNDA:0,(anonymous_3)
FNDA:0,(anonymous_4)
FNDA:0,(anonymous_5)
FNDA:0,(anonymous_6)
FNDA:0,(anonymous_7)
FNDA:0,(anonymous_8)
DA:27,0
DA:31,0
DA:39,0
DA:42,0
DA:43,0
DA:49,0
DA:50,0
DA:52,0
DA:53,0
DA:77,0
DA:83,0
DA:87,0
DA:89,0
LF:13
LH:0
BRDA:44,0,0,0
BRDA:44,0,1,0
BRDA:66,1,0,0
BRDA:66,1,1,0
BRF:4
BRH:0
end_of_record
TN:
SF:src/admin/pages/schedule/components/EditAssignedTaskModal.tsx
FN:18,EditAssignedTaskModal
FN:32,handleSubmit
FNF:2
FNH:0
FNDA:0,EditAssignedTaskModal
FNDA:0,handleSubmit
DA:23,0
DA:24,0
DA:25,0
DA:26,0
DA:27,0
DA:28,0
DA:31,0
DA:33,0
DA:34,0
DA:35,0
DA:36,0
DA:38,0
DA:39,0
DA:40,0
DA:43,0
DA:44,0
DA:53,0
DA:54,0
DA:55,0
DA:57,0
DA:61,0
LF:21
LH:0
BRDA:27,0,0,0
BRDA:27,0,1,0
BRDA:34,1,0,0
BRDA:34,1,1,0
BRDA:38,2,0,0
BRDA:38,2,1,0
BRDA:38,3,0,0
BRDA:38,3,1,0
BRF:8
BRH:0
end_of_record
TN:
SF:src/admin/pages/schedule/components/MarillacBalanceModal.tsx
FN:19,MarillacBalanceModal
FN:33,handleSubmit
FNF:2
FNH:0
FNDA:0,MarillacBalanceModal
FNDA:0,handleSubmit
DA:25,0
DA:26,0
DA:27,0
DA:28,0
DA:29,0
DA:31,0
DA:34,0
DA:35,0
DA:36,0
DA:37,0
DA:38,0
DA:40,0
DA:41,0
DA:42,0
DA:49,0
DA:50,0
DA:51,0
DA:53,0
DA:58,0
LF:19
LH:0
BRDA:35,0,0,0
BRDA:35,0,1,0
BRDA:35,1,0,0
BRDA:35,1,1,0
BRDA:35,1,2,0
BRDA:37,2,0,0
BRDA:37,2,1,0
BRDA:41,3,0,0
BRDA:41,3,1,0
BRF:9
BRH:0
end_of_record
TN:
SF:src/admin/pages/schedule/components/RoomNavigation.tsx
FN:10,RoomNavigation
FN:25,(anonymous_1)
FN:31,(anonymous_2)
FNF:3
FNH:0
FNDA:0,RoomNavigation
FNDA:0,(anonymous_1)
FNDA:0,(anonymous_2)
DA:14,0
DA:26,0
DA:31,0
LF:3
LH:0
BRDA:29,0,0,0
BRDA:29,0,1,0
BRDA:34,1,0,0
BRDA:34,1,1,0
BRF:4
BRH:0
end_of_record
TN:
SF:src/admin/pages/schedule/components/TaskDetailsModal.tsx
FN:31,TaskDetailsModal
FN:42,(anonymous_1)
FN:60,(anonymous_2)
FN:94,(anonymous_3)
FN:138,(anonymous_4)
FN:147,(anonymous_5)
FN:156,(anonymous_6)
FN:165,(anonymous_7)
FNF:8
FNH:0
FNDA:0,TaskDetailsModal
FNDA:0,(anonymous_1)
FNDA:0,(anonymous_2)
FNDA:0,(anonymous_3)
FNDA:0,(anonymous_4)
FNDA:0,(anonymous_5)
FNDA:0,(anonymous_6)
FNDA:0,(anonymous_7)
DA:36,0
DA:37,0
DA:38,0
DA:39,0
DA:41,0
DA:42,0
DA:43,0
DA:44,0
DA:49,0
DA:50,0
DA:51,0
DA:53,0
DA:57,0
DA:60,0
DA:61,0
DA:62,0
DA:63,0
DA:64,0
DA:66,0
DA:67,0
DA:68,0
DA:70,0
DA:71,0
DA:77,0
DA:78,0
DA:79,0
DA:81,0
DA:85,0
DA:86,0
DA:91,0
DA:94,0
DA:138,0
DA:147,0
DA:156,0
DA:165,0
LF:35
LH:0
BRDA:62,0,0,0
BRDA:62,0,1,0
BRDA:66,1,0,0
BRDA:66,1,1,0
BRDA:85,2,0,0
BRDA:85,2,1,0
BRDA:100,3,0,0
BRDA:100,3,1,0
BRDA:125,4,0,0
BRDA:125,4,1,0
BRDA:135,5,0,0
BRDA:135,5,1,0
BRDA:143,6,0,0
BRDA:143,6,1,0
BRDA:143,6,2,0
BRDA:152,7,0,0
BRDA:152,7,1,0
BRDA:152,7,2,0
BRDA:161,8,0,0
BRDA:161,8,1,0
BRDA:161,8,2,0
BRDA:175,9,0,0
BRDA:175,9,1,0
BRDA:175,10,0,0
BRDA:175,10,1,0
BRF:25
BRH:0
end_of_record
TN:
SF:src/admin/pages/tasks/Main.tsx
FN:20,AdminTasksPage
FN:31,(anonymous_1)
FN:35,(anonymous_2)
FN:36,(anonymous_3)
FN:55,(anonymous_4)
FN:63,(anonymous_5)
FN:86,(anonymous_6)
FN:107,(anonymous_7)
FN:125,(anonymous_8)
FNF:9
FNH:0
FNDA:0,AdminTasksPage
FNDA:0,(anonymous_1)
FNDA:0,(anonymous_2)
FNDA:0,(anonymous_3)
FNDA:0,(anonymous_4)
FNDA:0,(anonymous_5)
FNDA:0,(anonymous_6)
FNDA:0,(anonymous_7)
FNDA:0,(anonymous_8)
DA:21,0
DA:22,0
DA:23,0
DA:24,0
DA:25,0
DA:26,0
DA:27,0
DA:31,0
DA:32,0
DA:35,0
DA:36,0
DA:37,0
DA:39,0
DA:42,0
DA:56,0
DA:63,0
DA:86,0
DA:107,0
DA:125,0
LF:19
LH:0
BRDA:22,0,0,0
BRDA:22,0,1,0
BRDA:39,1,0,0
BRDA:39,1,1,0
BRDA:60,2,0,0
BRDA:60,2,1,0
BRDA:66,3,0,0
BRDA:66,3,1,0
BRDA:122,4,0,0
BRDA:122,4,1,0
BRF:10
BRH:0
end_of_record
TN:
SF:src/admin/pages/tasks/components/AddTaskModal.tsx
FN:27,AddTaskModal
FN:50,handleSubmit
FNF:2
FNH:0
FNDA:0,AddTaskModal
FNDA:0,handleSubmit
DA:32,0
DA:33,0
DA:34,0
DA:37,0
DA:38,0
DA:41,0
DA:42,0
DA:43,0
DA:44,0
DA:45,0
DA:46,0
DA:48,0
DA:49,0
DA:51,0
DA:65,0
DA:66,0
DA:67,0
DA:68,0
DA:72,0
DA:78,0
DA:79,0
DA:93,0
DA:94,0
DA:95,0
DA:97,0
DA:101,0
LF:26
LH:0
BRDA:55,0,0,0
BRDA:55,0,1,0
BRDA:57,1,0,0
BRDA:57,1,1,0
BRDA:58,2,0,0
BRDA:58,2,1,0
BRDA:59,3,0,0
BRDA:59,3,1,0
BRDA:66,4,0,0
BRDA:66,4,1,0
BRDA:72,5,0,0
BRDA:72,5,1,0
BRDA:74,6,0,0
BRDA:74,6,1,0
BRDA:88,7,0,0
BRDA:88,7,1,0
BRDA:89,8,0,0
BRDA:89,8,1,0
BRDA:90,9,0,0
BRDA:90,9,1,0
BRF:20
BRH:0
end_of_record
TN:
SF:src/admin/pages/tasks/components/EditTaskModal.tsx
FN:28,EditTaskModal
FN:40,(anonymous_1)
FN:72,handleSubmit
FNF:3
FNH:0
FNDA:0,EditTaskModal
FNDA:0,(anonymous_1)
FNDA:0,handleSubmit
DA:33,0
DA:34,0
DA:37,0
DA:40,0
DA:41,0
DA:42,0
DA:44,0
DA:45,0
DA:46,0
DA:47,0
DA:48,0
DA:49,0
DA:51,0
DA:52,0
DA:54,0
DA:56,0
DA:59,0
DA:62,0
DA:65,0
DA:66,0
DA:67,0
DA:68,0
DA:70,0
DA:71,0
DA:73,0
DA:87,0
DA:88,0
DA:89,0
DA:90,0
DA:94,0
DA:100,0
DA:101,0
DA:116,0
DA:117,0
DA:118,0
DA:120,0
DA:124,0
LF:37
LH:0
BRDA:41,0,0,0
BRDA:41,0,1,0
BRDA:44,1,0,0
BRDA:44,1,1,0
BRDA:51,2,0,0
BRDA:51,2,1,0
BRDA:60,3,0,0
BRDA:60,3,1,0
BRDA:63,4,0,0
BRDA:63,4,1,0
BRDA:67,5,0,0
BRDA:67,5,1,0
BRDA:80,6,0,0
BRDA:80,6,1,0
BRDA:82,7,0,0
BRDA:82,7,1,0
BRDA:83,8,0,0
BRDA:83,8,1,0
BRDA:84,9,0,0
BRDA:84,9,1,0
BRDA:88,10,0,0
BRDA:88,10,1,0
BRDA:94,11,0,0
BRDA:94,11,1,0
BRDA:96,12,0,0
BRDA:96,12,1,0
BRDA:111,13,0,0
BRDA:111,13,1,0
BRDA:112,14,0,0
BRDA:112,14,1,0
BRDA:113,15,0,0
BRDA:113,15,1,0
BRF:32
BRH:0
end_of_record
TN:
SF:src/admin/pages/tasks/components/TasksTable.tsx
FN:27,(anonymous_0)
FN:37,handleDeleteTask
FN:49,getAssignedDaysString
FN:57,(anonymous_3)
FN:59,(anonymous_4)
FN:65,getAssignedTimesString
FN:91,(anonymous_6)
FN:111,(anonymous_7)
FN:115,(anonymous_8)
FN:156,(anonymous_9)
FNF:10
FNH:1
FNDA:1,(anonymous_0)
FNDA:0,handleDeleteTask
FNDA:0,getAssignedDaysString
FNDA:0,(anonymous_3)
FNDA:0,(anonymous_4)
FNDA:0,getAssignedTimesString
FNDA:0,(anonymous_6)
FNDA:0,(anonymous_7)
FNDA:0,(anonymous_8)
FNDA:0,(anonymous_9)
DA:27,2
DA:34,1
DA:35,1
DA:36,1
DA:38,0
DA:39,0
DA:42,0
DA:43,0
DA:45,0
DA:53,0
DA:55,0
DA:57,0
DA:59,0
DA:61,0
DA:70,0
DA:72,0
DA:74,0
DA:76,0
DA:80,1
DA:90,1
DA:92,0
DA:111,0
DA:115,0
DA:121,1
DA:122,1
DA:144,1
DA:156,0
LF:27
LH:9
BRDA:53,0,0,0
BRDA:53,0,1,0
BRDA:53,0,2,0
BRDA:53,0,3,0
BRDA:70,1,0,0
BRDA:70,1,1,0
BRDA:70,1,2,0
BRDA:90,2,0,0
BRDA:90,2,1,1
BRDA:121,3,0,1
BRDA:121,3,1,0
BRDA:153,4,0,1
BRDA:153,4,1,0
BRF:13
BRH:3
end_of_record
TN:
SF:src/constants/days.ts
FNF:0
FNH:0
DA:3,2
DA:13,2
LF:2
LH:2
BRF:0
BRH:0
end_of_record
TN:
SF:src/constants/icons.ts
FNF:0
FNH:0
DA:21,1
LF:1
LH:1
BRF:0
BRH:0
end_of_record
TN:
SF:src/constants/levels.ts
FNF:0
FNH:0
DA:3,1
DA:11,1
LF:2
LH:2
BRF:0
BRH:0
end_of_record
TN:
SF:src/constants/roles.ts
FNF:0
FNH:0
DA:1,3
DA:2,3
DA:3,3
LF:3
LH:3
BRF:0
BRH:0
end_of_record
TN:
SF:src/constants/rooms.ts
FNF:0
FNH:0
DA:1,4
LF:1
LH:1
BRF:0
BRH:0
end_of_record
TN:
SF:src/constants/routes.ts
FNF:0
FNH:0
DA:1,5
DA:2,5
DA:3,5
DA:4,5
DA:5,5
DA:6,5
DA:7,5
DA:8,5
DA:10,5
DA:11,5
DA:12,5
DA:13,5
DA:14,5
DA:15,5
LF:14
LH:14
BRF:0
BRH:0
end_of_record
TN:
SF:src/constants/views.ts
FNF:0
FNH:0
LF:0
LH:0
BRF:0
BRH:0
end_of_record
TN:
SF:src/gql/achievedBadgeLevelRequests.ts
FNF:0
FNH:0
DA:3,1
DA:23,1
LF:2
LH:2
BRF:0
BRH:0
end_of_record
TN:
SF:src/gql/announcementRequests.ts
FNF:0
FNH:0
DA:3,2
DA:20,2
DA:37,2
DA:59,2
DA:74,2
LF:5
LH:5
BRF:0
BRH:0
end_of_record
TN:
SF:src/gql/assignedTaskRequests.ts
FNF:0
FNH:0
DA:3,1
DA:9,1
DA:26,1
DA:43,1
DA:49,1
DA:87,1
DA:124,1
DA:141,1
LF:8
LH:8
BRF:0
BRH:0
end_of_record
TN:
SF:src/gql/badgeLevelProgressRequests.ts
FNF:0
FNH:0
DA:3,1
LF:1
LH:1
BRF:0
BRH:0
end_of_record
TN:
SF:src/gql/badgeLevelRequests.ts
FNF:0
FNH:0
DA:3,1
LF:1
LH:1
BRF:0
BRH:0
end_of_record
TN:
SF:src/gql/customBadgeRequests.ts
FNF:0
FNH:0
DA:3,1
DA:14,1
DA:29,1
DA:50,1
LF:4
LH:4
BRF:0
BRH:0
end_of_record
TN:
SF:src/gql/earnedCustomBadgeRequests.ts
FNF:0
FNH:0
DA:3,1
DA:16,1
DA:29,1
LF:3
LH:3
BRF:0
BRH:0
end_of_record
TN:
SF:src/gql/earningGoalRequests.ts
FNF:0
FNH:0
DA:3,1
DA:14,1
DA:25,1
LF:3
LH:3
BRF:0
BRH:0
end_of_record
TN:
SF:src/gql/loginRequests.ts
FNF:0
FNH:0
DA:3,3
DA:11,3
LF:2
LH:2
BRF:0
BRH:0
end_of_record
TN:
SF:src/gql/noteRequests.ts
FNF:0
FNH:0
DA:3,2
DA:13,2
DA:23,2
LF:3
LH:3
BRF:0
BRH:0
end_of_record
TN:
SF:src/gql/participantRequests.ts
FNF:0
FNH:0
DA:3,2
DA:17,2
DA:31,2
DA:45,2
DA:69,2
LF:5
LH:5
BRF:0
BRH:0
end_of_record
TN:
SF:src/gql/receivedAnnouncementRequests.ts
FNF:0
FNH:0
DA:3,2
DA:31,2
LF:2
LH:2
BRF:0
BRH:0
end_of_record
TN:
SF:src/gql/reportRecipientRequests.ts
FNF:0
FNH:0
DA:3,2
DA:13,2
DA:27,2
DA:41,2
LF:4
LH:4
BRF:0
BRH:0
end_of_record
TN:
SF:src/gql/systemBadgeRequests.ts
FNF:0
FNH:0
DA:3,1
DA:20,1
LF:2
LH:2
BRF:0
BRH:0
end_of_record
TN:
SF:src/gql/taskRequests.ts
FNF:0
FNH:0
DA:3,2
DA:21,2
DA:61,2
DA:103,2
LF:4
LH:4
BRF:0
BRH:0
end_of_record
TN:
SF:src/gql/transactionRequests.ts
FNF:0
FNH:0
DA:3,1
DA:17,1
LF:2
LH:2
BRF:0
BRH:0
end_of_record
TN:
SF:src/helpers/formatCurrency.ts
FN:1,formatCurrency
FNF:1
FNH:1
FNDA:1,formatCurrency
DA:2,1
LF:1
LH:1
BRF:0
BRH:0
end_of_record
TN:
SF:src/helpers/formatDateTime.ts
FN:4,formatDateV1
FN:9,formatDateV2
FN:14,formatDateV3
FN:19,formatDateV4
FN:24,formatDateV5
FN:29,formatDateV6
FN:34,formatDateV7
FN:39,formatDateV8
FN:43,formatDateInputValue
FN:47,parseDateInputValue
FN:51,formatTimeInputValue
FN:55,parseTimeInputValue
FN:59,combineDayAndTime
FNF:13
FNH:0
FNDA:0,formatDateV1
FNDA:0,formatDateV2
FNDA:0,formatDateV3
FNDA:0,formatDateV4
FNDA:0,formatDateV5
FNDA:0,formatDateV6
FNDA:0,formatDateV7
FNDA:0,formatDateV8
FNDA:0,formatDateInputValue
FNDA:0,parseDateInputValue
FNDA:0,formatTimeInputValue
FNDA:0,parseTimeInputValue
FNDA:0,combineDayAndTime
DA:5,0
DA:10,0
DA:15,0
DA:20,0
DA:25,0
DA:30,0
DA:35,0
DA:40,0
DA:44,0
DA:48,0
DA:52,0
DA:56,0
DA:60,0
LF:13
LH:0
BRF:0
BRH:0
end_of_record
TN:
SF:src/helpers/stringUtils.ts
FN:4,toTitleCase
FN:9,(anonymous_1)
FN:10,(anonymous_2)
FN:14,(anonymous_3)
FN:17,(anonymous_4)
FN:18,(anonymous_5)
FN:19,(anonymous_6)
FNF:7
FNH:0
FNDA:0,toTitleCase
FNDA:0,(anonymous_1)
FNDA:0,(anonymous_2)
FNDA:0,(anonymous_3)
FNDA:0,(anonymous_4)
FNDA:0,(anonymous_5)
FNDA:0,(anonymous_6)
DA:5,0
DA:9,0
DA:10,0
DA:14,4
DA:15,0
DA:17,0
DA:18,0
DA:19,0
DA:21,0
DA:22,0
DA:25,0
DA:26,0
DA:28,0
LF:13
LH:1
BRDA:16,0,0,0
BRDA:16,0,1,0
BRDA:21,1,0,0
BRDA:21,1,1,0
BRDA:25,2,0,0
BRDA:25,2,1,0
BRF:6
BRH:0
end_of_record
TN:
SF:src/helpers/taskHelpers.ts
FN:14,isAllDayTask
FN:29,isValidTask
FN:111,getStartAndEndDates
FN:131,(anonymous_3)
FN:138,(anonymous_4)
FNF:5
FNH:0
FNDA:0,isAllDayTask
FNDA:0,isValidTask
FNDA:0,getStartAndEndDates
FNDA:0,(anonymous_3)
FNDA:0,(anonymous_4)
DA:15,0
DA:16,0
DA:18,0
DA:21,0
DA:39,0
DA:40,0
DA:41,0
DA:43,0
DA:44,0
DA:50,0
DA:56,0
DA:62,0
DA:66,0
DA:70,0
DA:75,0
DA:76,0
DA:78,0
DA:82,0
DA:87,0
DA:88,0
DA:89,0
DA:94,0
DA:95,0
DA:103,0
DA:112,0
DA:114,0
DA:118,0
DA:123,0
DA:124,0
DA:126,0
DA:127,0
DA:129,0
DA:130,0
DA:131,0
DA:132,0
DA:133,0
DA:134,0
DA:135,0
DA:137,0
DA:138,0
DA:139,0
DA:140,0
DA:141,0
DA:142,0
DA:144,0
DA:145,0
DA:146,0
DA:148,0
DA:149,0
DA:150,0
DA:151,0
DA:152,0
DA:154,0
LF:53
LH:0
BRDA:18,0,0,0
BRDA:18,0,1,0
BRDA:18,0,2,0
BRDA:40,1,0,0
BRDA:40,1,1,0
BRDA:43,2,0,0
BRDA:43,2,1,0
BRDA:43,3,0,0
BRDA:43,3,1,0
BRDA:50,4,0,0
BRDA:50,4,1,0
BRDA:51,5,0,0
BRDA:51,5,1,0
BRDA:51,5,2,0
BRDA:51,5,3,0
BRDA:62,6,0,0
BRDA:62,6,1,0
BRDA:63,7,0,0
BRDA:63,7,1,0
BRDA:66,8,0,0
BRDA:66,8,1,0
BRDA:67,9,0,0
BRDA:67,9,1,0
BRDA:75,10,0,0
BRDA:75,10,1,0
BRDA:75,11,0,0
BRDA:75,11,1,0
BRDA:78,12,0,0
BRDA:78,12,1,0
BRDA:79,13,0,0
BRDA:79,13,1,0
BRDA:87,14,0,0
BRDA:87,14,1,0
BRDA:88,15,0,0
BRDA:88,15,1,0
BRDA:88,16,0,0
BRDA:88,16,1,0
BRDA:94,17,0,0
BRDA:94,17,1,0
BRDA:114,18,0,0
BRDA:114,18,1,0
BRDA:115,19,0,0
BRDA:115,19,1,0
BRDA:126,20,0,0
BRDA:126,20,1,0
BRDA:127,21,0,0
BRDA:127,21,1,0
BRDA:130,22,0,0
BRDA:130,22,1,0
BRDA:137,23,0,0
BRDA:137,23,1,0
BRDA:144,24,0,0
BRDA:144,24,1,0
BRDA:145,25,0,0
BRDA:145,25,1,0
BRF:55
BRH:0
end_of_record
TN:
SF:src/helpers/verifyRole.ts
FN:3,verifyRole
FN:22,getRole
FN:39,getParticipantId
FNF:3
FNH:1
FNDA:4,verifyRole
FNDA:0,getRole
FNDA:0,getParticipantId
DA:4,4
DA:5,4
DA:6,4
DA:8,0
DA:9,0
DA:10,0
DA:13,0
DA:14,0
DA:16,0
DA:18,0
DA:23,0
DA:24,0
DA:25,0
DA:26,0
DA:30,0
DA:31,0
DA:33,0
DA:35,0
DA:40,0
DA:41,0
DA:42,0
DA:43,0
DA:47,0
DA:48,0
DA:50,0
DA:52,0
LF:26
LH:3
BRDA:4,0,0,4
BRDA:4,0,1,4
BRDA:5,1,0,4
BRDA:5,1,1,0
BRDA:13,2,0,0
BRDA:13,2,1,0
BRDA:13,3,0,0
BRDA:13,3,1,0
BRDA:23,4,0,0
BRDA:23,4,1,0
BRDA:30,5,0,0
BRDA:30,5,1,0
BRDA:30,6,0,0
BRDA:30,6,1,0
BRDA:40,7,0,0
BRDA:40,7,1,0
BRDA:47,8,0,0
BRDA:47,8,1,0
BRDA:47,9,0,0
BRDA:47,9,1,0
BRF:20
BRH:3
end_of_record
TN:
SF:src/hooks/useChakraColor.tsx
FN:3,(anonymous_0)
FNF:1
FNH:1
FNDA:9,(anonymous_0)
DA:3,9
DA:4,9
DA:5,9
LF:3
LH:3
BRDA:5,0,0,9
BRDA:5,0,1,0
BRF:2
BRH:1
end_of_record
TN:
SF:src/hooks/useNotification.tsx
FN:3,useNotification
FN:6,(anonymous_1)
FNF:2
FNH:0
FNDA:0,useNotification
FNDA:0,(anonymous_1)
DA:4,0
DA:6,0
DA:7,0
DA:16,0
LF:4
LH:0
BRF:0
BRH:0
end_of_record
TN:
SF:src/participant/ParticipantContext.tsx
FN:16,(anonymous_0)
FN:18,(anonymous_1)
FN:20,(anonymous_2)
FN:22,(anonymous_3)
FN:29,(anonymous_4)
FNF:5
FNH:1
FNDA:0,(anonymous_0)
FNDA:0,(anonymous_1)
FNDA:0,(anonymous_2)
FNDA:0,(anonymous_3)
FNDA:1,(anonymous_4)
DA:14,2
DA:29,2
DA:32,1
DA:33,1
DA:34,1
DA:35,1
DA:37,1
LF:7
LH:7
BRF:0
BRH:0
end_of_record
TN:
SF:src/participant/ParticipantMenu.tsx
FN:21,ExpandedParticipantMenu
FN:29,(anonymous_1)
FN:60,(anonymous_2)
FN:71,(anonymous_3)
FN:91,(anonymous_4)
FN:105,ParticipantMenu
FN:118,(anonymous_6)
FN:135,(anonymous_7)
FN:152,(anonymous_8)
FN:168,(anonymous_9)
FNF:10
FNH:6
FNDA:1,ExpandedParticipantMenu
FNDA:0,(anonymous_1)
FNDA:4,(anonymous_2)
FNDA:0,(anonymous_3)
FNDA:0,(anonymous_4)
FNDA:4,ParticipantMenu
FNDA:4,(anonymous_6)
FNDA:1,(anonymous_7)
FNDA:1,(anonymous_8)
FNDA:0,(anonymous_9)
DA:27,1
DA:29,1
DA:30,0
DA:31,0
DA:34,1
DA:61,4
DA:72,0
DA:73,0
DA:91,0
DA:109,4
DA:116,4
DA:117,4
DA:118,4
DA:121,4
DA:135,1
DA:152,1
DA:168,0
LF:17
LH:11
BRDA:133,0,0,4
BRDA:133,0,1,3
BRDA:149,1,0,4
BRDA:149,1,1,1
BRF:4
BRH:4
end_of_record
TN:
SF:src/participant/ParticipantRoute.tsx
FN:18,ParticipantRoute
FN:28,(anonymous_1)
FN:44,(anonymous_2)
FN:49,(anonymous_3)
FN:50,(anonymous_4)
FN:60,(anonymous_5)
FN:62,(anonymous_6)
FNF:7
FNH:4
FNDA:2,ParticipantRoute
FNDA:0,(anonymous_1)
FNDA:0,(anonymous_2)
FNDA:1,(anonymous_3)
FNDA:1,(anonymous_4)
FNDA:2,(anonymous_5)
FNDA:0,(anonymous_6)
DA:19,2
DA:20,2
DA:22,2
DA:23,2
DA:25,2
DA:27,2
DA:29,0
DA:35,0
DA:36,0
DA:38,0
DA:39,0
DA:40,0
DA:45,0
DA:49,2
DA:50,1
DA:51,1
DA:52,1
DA:53,0
DA:55,1
DA:57,1
DA:60,2
DA:61,2
DA:62,0
DA:63,0
DA:64,0
DA:65,0
DA:67,0
DA:68,0
DA:70,0
DA:72,0
DA:76,2
DA:77,1
DA:80,1
LF:33
LH:17
BRDA:29,0,0,0
BRDA:29,0,1,0
BRDA:30,1,0,0
BRDA:30,1,1,0
BRDA:30,1,2,0
BRDA:30,1,3,0
BRDA:52,2,0,0
BRDA:52,2,1,1
BRDA:61,3,0,0
BRDA:61,3,1,2
BRDA:61,4,0,2
BRDA:61,4,1,1
BRDA:64,5,0,0
BRDA:64,5,1,0
BRDA:76,6,0,1
BRDA:76,6,1,1
BRDA:76,7,0,2
BRDA:76,7,1,1
BRDA:103,8,0,0
BRDA:103,8,1,1
BRDA:105,9,0,1
BRDA:105,9,1,0
BRDA:105,10,0,1
BRDA:105,10,1,0
BRF:24
BRH:11
end_of_record
TN:
SF:src/participant/pages/announcements/Main.tsx
FN:13,ParticipantsAnnouncementsPage
FN:21,(anonymous_1)
FN:54,(anonymous_2)
FN:74,(anonymous_3)
FN:79,(anonymous_4)
FN:84,(anonymous_5)
FN:89,(anonymous_6)
FN:95,(anonymous_7)
FN:100,(anonymous_8)
FNF:9
FNH:2
FNDA:1,ParticipantsAnnouncementsPage
FNDA:1,(anonymous_1)
FNDA:0,(anonymous_2)
FNDA:0,(anonymous_3)
FNDA:0,(anonymous_4)
FNDA:0,(anonymous_5)
FNDA:0,(anonymous_6)
FNDA:0,(anonymous_7)
FNDA:0,(anonymous_8)
DA:14,1
DA:15,1
DA:17,1
DA:18,1
DA:20,1
DA:21,1
DA:22,1
DA:24,1
DA:26,0
DA:28,0
DA:30,0
DA:32,0
DA:36,1
DA:47,1
DA:48,1
DA:50,1
DA:51,0
DA:55,0
DA:56,0
DA:57,0
DA:63,1
DA:74,0
DA:79,0
DA:84,0
DA:89,0
DA:96,0
DA:101,0
DA:102,0
LF:28
LH:13
BRDA:22,0,0,1
BRDA:22,0,1,0
BRDA:22,0,2,0
BRDA:22,0,3,0
BRDA:22,0,4,0
BRDA:47,1,0,0
BRDA:47,1,1,1
BRDA:48,2,0,0
BRDA:48,2,1,1
BRDA:50,3,0,0
BRDA:50,3,1,1
BRDA:50,4,0,1
BRDA:50,4,1,0
BRF:13
BRH:5
end_of_record
TN:
SF:src/participant/pages/announcements/components/AnnouncementsExpandedView.tsx
FN:25,AnnouncementsExpandedView
FN:36,(anonymous_1)
FN:55,(anonymous_2)
FN:77,(anonymous_3)
FN:169,(anonymous_4)
FNF:5
FNH:0
FNDA:0,AnnouncementsExpandedView
FNDA:0,(anonymous_1)
FNDA:0,(anonymous_2)
FNDA:0,(anonymous_3)
FNDA:0,(anonymous_4)
DA:29,0
DA:30,0
DA:32,0
DA:33,0
DA:34,0
DA:36,0
DA:37,0
DA:38,0
DA:41,0
DA:42,0
DA:49,0
DA:51,0
DA:55,0
DA:56,0
DA:57,0
DA:60,0
DA:61,0
DA:62,0
DA:69,0
DA:71,0
DA:73,0
DA:77,0
DA:78,0
DA:79,0
DA:82,0
DA:83,0
DA:84,0
DA:91,0
DA:93,0
DA:95,0
DA:99,0
DA:100,0
DA:108,0
DA:113,0
DA:169,0
LF:35
LH:0
BRDA:37,0,0,0
BRDA:37,0,1,0
BRDA:56,1,0,0
BRDA:56,1,1,0
BRDA:61,2,0,0
BRDA:61,2,1,0
BRDA:78,3,0,0
BRDA:78,3,1,0
BRDA:83,4,0,0
BRDA:83,4,1,0
BRDA:100,5,0,0
BRDA:100,5,1,0
BRDA:101,6,0,0
BRDA:101,6,1,0
BRDA:101,6,2,0
BRDA:101,6,3,0
BRDA:101,6,4,0
BRDA:101,6,5,0
BRDA:128,7,0,0
BRDA:128,7,1,0
BRDA:137,8,0,0
BRDA:137,8,1,0
BRDA:154,9,0,0
BRDA:154,9,1,0
BRDA:168,10,0,0
BRDA:168,10,1,0
BRDA:172,11,0,0
BRDA:172,11,1,0
BRF:28
BRH:0
end_of_record
TN:
SF:src/participant/pages/announcements/components/ParticipantAnnouncementCard.tsx
FN:14,ParticipantAnnouncementCard
FNF:1
FNH:0
FNDA:0,ParticipantAnnouncementCard
DA:17,0
DA:18,0
DA:26,0
DA:43,0
LF:4
LH:0
BRDA:18,0,0,0
BRDA:18,0,1,0
BRDA:19,1,0,0
BRDA:19,1,1,0
BRDA:19,1,2,0
BRDA:19,1,3,0
BRDA:19,1,4,0
BRDA:19,1,5,0
BRDA:53,2,0,0
BRDA:53,2,1,0
BRDA:61,3,0,0
BRDA:61,3,1,0
BRDA:64,4,0,0
BRDA:64,4,1,0
BRF:14
BRH:0
end_of_record
TN:
SF:src/participant/pages/home/Main.tsx
FN:11,ParticipantsHomePage
FNF:1
FNH:0
FNDA:0,ParticipantsHomePage
DA:12,0
DA:13,0
DA:14,0
DA:18,0
LF:4
LH:0
BRDA:13,0,0,0
BRDA:13,0,1,0
BRF:2
BRH:0
end_of_record
TN:
SF:src/participant/pages/home/components/AnnouncementWidget.tsx
FN:17,AnnouncementWidget
FN:47,(anonymous_1)
FN:53,(anonymous_2)
FNF:3
FNH:0
FNDA:0,AnnouncementWidget
FNDA:0,(anonymous_1)
FNDA:0,(anonymous_2)
DA:18,0
DA:24,0
DA:28,0
DA:30,0
DA:47,0
DA:54,0
LF:6
LH:0
BRDA:28,0,0,0
BRDA:28,0,1,0
BRDA:42,1,0,0
BRDA:42,1,1,0
BRDA:55,2,0,0
BRDA:55,2,1,0
BRDA:66,3,0,0
BRDA:66,3,1,0
BRF:8
BRH:0
end_of_record
TN:
SF:src/participant/pages/home/components/NewAchievedBadgesWidget.tsx
FN:21,NewAchievedBadgesWidget
FN:42,(anonymous_1)
FN:71,(anonymous_2)
FN:74,(anonymous_3)
FN:80,(anonymous_4)
FNF:5
FNH:0
FNDA:0,NewAchievedBadgesWidget
FNDA:0,(anonymous_1)
FNDA:0,(anonymous_2)
FNDA:0,(anonymous_3)
FNDA:0,(anonymous_4)
DA:24,0
DA:33,0
DA:41,0
DA:42,0
DA:43,0
DA:44,0
DA:48,0
DA:50,0
DA:51,0
DA:52,0
DA:54,0
DA:71,0
DA:75,0
DA:81,0
LF:14
LH:0
BRDA:48,0,0,0
BRDA:48,0,1,0
BRDA:50,1,0,0
BRDA:50,1,1,0
BRDA:51,2,0,0
BRDA:51,2,1,0
BRDA:77,3,0,0
BRDA:77,3,1,0
BRDA:77,3,2,0
BRF:9
BRH:0
end_of_record
TN:
SF:src/participant/pages/home/components/TasksCompletedWidget.tsx
FN:15,TasksCompletedWidget
FN:47,(anonymous_1)
FNF:2
FNH:0
FNDA:0,TasksCompletedWidget
FNDA:0,(anonymous_1)
DA:18,0
DA:23,0
DA:27,0
DA:28,0
DA:30,0
DA:47,0
LF:6
LH:0
BRDA:27,0,0,0
BRDA:27,0,1,0
BRDA:28,1,0,0
BRDA:28,1,1,0
BRF:4
BRH:0
end_of_record
TN:
SF:src/participant/pages/home/components/TodoListWidget.tsx
FN:28,(anonymous_0)
FN:54,(anonymous_1)
FN:62,(anonymous_2)
FNF:3
FNH:0
FNDA:0,(anonymous_0)
FNDA:0,(anonymous_1)
FNDA:0,(anonymous_2)
DA:28,1
DA:29,0
DA:31,0
DA:35,0
DA:37,0
DA:55,0
DA:64,0
DA:69,0
LF:8
LH:1
BRDA:35,0,0,0
BRDA:35,0,1,0
BRDA:49,1,0,0
BRDA:49,1,1,0
BRDA:64,2,0,0
BRDA:64,2,1,0
BRDA:76,3,0,0
BRDA:76,3,1,0
BRDA:77,4,0,0
BRDA:77,4,1,0
BRDA:78,5,0,0
BRDA:78,5,1,0
BRDA:79,6,0,0
BRDA:79,6,1,0
BRDA:81,7,0,0
BRDA:81,7,1,0
BRDA:84,8,0,0
BRDA:84,8,1,0
BRF:18
BRH:0
end_of_record
TN:
SF:src/participant/pages/login/Main.tsx
FN:15,ParticipantsLoginPage
FN:28,(anonymous_1)
FN:32,(anonymous_2)
FN:38,(anonymous_3)
FN:39,(anonymous_4)
FN:49,(anonymous_5)
FNF:6
FNH:4
FNDA:4,ParticipantsLoginPage
FNDA:0,(anonymous_1)
FNDA:0,(anonymous_2)
FNDA:2,(anonymous_3)
FNDA:2,(anonymous_4)
FNDA:1,(anonymous_5)
DA:16,4
DA:18,4
DA:19,4
DA:20,4
DA:22,4
DA:23,4
DA:25,4
DA:29,0
DA:30,0
DA:33,0
DA:38,4
DA:39,2
DA:40,2
DA:41,2
DA:42,0
DA:44,2
DA:46,2
DA:49,4
DA:50,1
DA:51,1
DA:52,1
DA:54,0
DA:58,4
DA:59,2
DA:62,2
DA:63,0
DA:66,2
LF:27
LH:21
BRDA:41,0,0,0
BRDA:41,0,1,2
BRDA:51,1,0,1
BRDA:51,1,1,0
BRDA:51,2,0,1
BRDA:51,2,1,0
BRDA:58,3,0,2
BRDA:58,3,1,2
BRDA:58,4,0,4
BRDA:58,4,1,2
BRDA:62,5,0,0
BRDA:62,5,1,2
BRDA:112,6,0,2
BRDA:112,6,1,1
BRF:14
BRH:10
end_of_record
TN:
SF:src/participant/pages/progress/Main.tsx
FN:7,ParticipantsProgressPage
FNF:1
FNH:0
FNDA:0,ParticipantsProgressPage
DA:8,0
LF:1
LH:0
BRF:0
BRH:0
end_of_record
TN:
SF:src/participant/pages/progress/components/BadgeDisplay.tsx
FN:20,(anonymous_0)
FN:64,(anonymous_1)
FN:75,(anonymous_2)
FN:84,(anonymous_3)
FN:95,(anonymous_4)
FN:113,(anonymous_5)
FNF:6
FNH:0
FNDA:0,(anonymous_0)
FNDA:0,(anonymous_1)
FNDA:0,(anonymous_2)
FNDA:0,(anonymous_3)
FNDA:0,(anonymous_4)
FNDA:0,(anonymous_5)
DA:20,1
DA:21,0
DA:22,0
DA:28,0
DA:37,0
DA:46,0
DA:51,0
DA:52,0
DA:57,0
DA:58,0
DA:61,0
DA:65,0
DA:75,0
DA:85,0
DA:96,0
DA:114,0
LF:16
LH:1
BRDA:51,0,0,0
BRDA:51,0,1,0
BRDA:51,1,0,0
BRDA:51,1,1,0
BRDA:51,1,2,0
BRDA:51,1,3,0
BRDA:57,2,0,0
BRDA:57,2,1,0
BRDA:57,3,0,0
BRDA:57,3,1,0
BRDA:57,3,2,0
BRDA:68,4,0,0
BRDA:68,4,1,0
BRDA:69,5,0,0
BRDA:69,5,1,0
BRDA:72,6,0,0
BRDA:72,6,1,0
BRDA:82,7,0,0
BRDA:82,7,1,0
BRDA:104,8,0,0
BRDA:104,8,1,0
BRDA:104,8,2,0
BRF:22
BRH:0
end_of_record
TN:
SF:src/participant/pages/progress/components/BucksGoalCard.tsx
FN:29,BucksGoalCard
FN:38,(anonymous_1)
FN:61,(anonymous_2)
FN:67,(anonymous_3)
FN:89,(anonymous_4)
FN:96,(anonymous_5)
FN:117,(anonymous_6)
FNF:7
FNH:0
FNDA:0,BucksGoalCard
FNDA:0,(anonymous_1)
FNDA:0,(anonymous_2)
FNDA:0,(anonymous_3)
FNDA:0,(anonymous_4)
FNDA:0,(anonymous_5)
FNDA:0,(anonymous_6)
DA:30,0
DA:33,0
DA:34,0
DA:38,0
DA:39,0
DA:40,0
DA:41,0
DA:42,0
DA:49,0
DA:54,0
DA:55,0
DA:57,0
DA:58,0
DA:59,0
DA:61,0
DA:62,0
DA:63,0
DA:64,0
DA:67,0
DA:68,0
DA:69,0
DA:71,0
DA:75,0
DA:76,0
DA:81,0
DA:82,0
DA:85,0
DA:89,0
DA:96,0
DA:117,0
LF:30
LH:0
BRDA:40,0,0,0
BRDA:40,0,1,0
BRDA:40,1,0,0
BRDA:40,1,1,0
BRDA:40,1,2,0
BRDA:40,1,3,0
BRDA:41,2,0,0
BRDA:41,2,1,0
BRDA:41,3,0,0
BRDA:41,3,1,0
BRDA:57,4,0,0
BRDA:57,4,1,0
BRDA:62,5,0,0
BRDA:62,5,1,0
BRDA:63,6,0,0
BRDA:63,6,1,0
BRDA:68,7,0,0
BRDA:68,7,1,0
BRDA:68,8,0,0
BRDA:68,8,1,0
BRDA:75,9,0,0
BRDA:75,9,1,0
BRDA:75,10,0,0
BRDA:75,10,1,0
BRDA:75,10,2,0
BRDA:81,11,0,0
BRDA:81,11,1,0
BRDA:81,12,0,0
BRDA:81,12,1,0
BRDA:87,13,0,0
BRDA:87,13,1,0
BRDA:94,14,0,0
BRDA:94,14,1,0
BRDA:98,15,0,0
BRDA:98,15,1,0
BRDA:120,16,0,0
BRDA:120,16,1,0
BRDA:122,17,0,0
BRDA:122,17,1,0
BRDA:127,18,0,0
BRDA:127,18,1,0
BRDA:127,19,0,0
BRDA:127,19,1,0
BRDA:145,20,0,0
BRDA:145,20,1,0
BRDA:145,20,2,0
BRF:46
BRH:0
end_of_record
TN:
SF:src/participant/pages/progress/components/EditGoal.tsx
FN:17,(anonymous_0)
FN:27,(anonymous_1)
FNF:2
FNH:0
FNDA:0,(anonymous_0)
FNDA:0,(anonymous_1)
DA:17,1
DA:22,0
DA:23,0
DA:24,0
DA:26,0
DA:27,0
DA:28,0
DA:29,0
DA:30,0
DA:31,0
DA:34,0
DA:35,0
DA:36,0
DA:39,0
DA:40,0
DA:41,0
DA:44,0
DA:45,0
DA:53,0
DA:54,0
DA:56,0
DA:60,0
LF:22
LH:1
BRDA:29,0,0,0
BRDA:29,0,1,0
BRDA:34,1,0,0
BRDA:34,1,1,0
BRDA:39,2,0,0
BRDA:39,2,1,0
BRDA:56,3,0,0
BRDA:56,3,1,0
BRF:8
BRH:0
end_of_record
TN:
SF:src/participant/pages/progress/components/SetGoal.tsx
FN:17,(anonymous_0)
FN:27,(anonymous_1)
FNF:2
FNH:0
FNDA:0,(anonymous_0)
FNDA:0,(anonymous_1)
DA:17,1
DA:22,0
DA:23,0
DA:24,0
DA:26,0
DA:27,0
DA:28,0
DA:29,0
DA:30,0
DA:33,0
DA:34,0
DA:35,0
DA:38,0
DA:39,0
DA:40,0
DA:43,0
DA:44,0
DA:52,0
DA:53,0
DA:55,0
DA:59,0
LF:21
LH:1
BRDA:28,0,0,0
BRDA:28,0,1,0
BRDA:33,1,0,0
BRDA:33,1,1,0
BRDA:38,2,0,0
BRDA:38,2,1,0
BRDA:55,3,0,0
BRDA:55,3,1,0
BRF:8
BRH:0
end_of_record
TN:
SF:src/participant/pages/progress/components/WeeklyEarningsChart.tsx
FN:26,(anonymous_0)
FN:38,(anonymous_1)
FN:43,(anonymous_2)
FN:49,(anonymous_3)
FN:50,(anonymous_4)
FN:100,(anonymous_5)
FN:105,(anonymous_6)
FN:116,(anonymous_7)
FNF:8
FNH:0
FNDA:0,(anonymous_0)
FNDA:0,(anonymous_1)
FNDA:0,(anonymous_2)
FNDA:0,(anonymous_3)
FNDA:0,(anonymous_4)
FNDA:0,(anonymous_5)
FNDA:0,(anonymous_6)
FNDA:0,(anonymous_7)
DA:26,1
DA:27,0
DA:33,0
DA:38,0
DA:39,0
DA:40,0
DA:42,0
DA:43,0
DA:46,0
DA:47,0
DA:49,0
DA:50,0
DA:56,0
DA:57,0
DA:59,0
DA:60,0
DA:65,0
DA:100,0
DA:106,0
DA:117,0
DA:118,0
DA:119,0
DA:120,0
LF:23
LH:1
BRDA:39,0,0,0
BRDA:39,0,1,0
BRDA:43,1,0,0
BRDA:43,1,1,0
BRDA:59,2,0,0
BRDA:59,2,1,0
BRDA:109,3,0,0
BRDA:109,3,1,0
BRDA:119,4,0,0
BRDA:119,4,1,0
BRF:10
BRH:0
end_of_record
TN:
SF:src/participant/pages/schedule/Main.tsx
FN:36,ParticipantsSchedulePage
FN:76,(anonymous_1)
FN:99,(anonymous_2)
FN:133,(anonymous_3)
FN:164,(anonymous_4)
FN:192,(anonymous_5)
FNF:6
FNH:0
FNDA:0,ParticipantsSchedulePage
FNDA:0,(anonymous_1)
FNDA:0,(anonymous_2)
FNDA:0,(anonymous_3)
FNDA:0,(anonymous_4)
FNDA:0,(anonymous_5)
DA:37,0
DA:38,0
DA:39,0
DA:40,0
DA:41,0
DA:45,0
DA:49,0
DA:50,0
DA:53,0
DA:54,0
DA:59,0
DA:61,0
DA:76,0
DA:99,0
DA:135,0
DA:144,0
DA:150,0
DA:164,0
DA:192,0
LF:19
LH:0
BRDA:39,0,0,0
BRDA:39,0,1,0
BRDA:49,1,0,0
BRDA:49,1,1,0
BRDA:53,2,0,0
BRDA:53,2,1,0
BRDA:53,3,0,0
BRDA:53,3,1,0
BRDA:59,4,0,0
BRDA:59,4,1,0
BRDA:70,5,0,0
BRDA:70,5,1,0
BRDA:124,6,0,0
BRDA:124,6,1,0
BRDA:135,7,0,0
BRDA:135,7,1,0
BRDA:144,8,0,0
BRDA:144,8,1,0
BRDA:152,9,0,0
BRDA:152,9,1,0
BRDA:168,10,0,0
BRDA:168,10,1,0
BRDA:169,11,0,0
BRDA:169,11,1,0
BRDA:170,12,0,0
BRDA:170,12,1,0
BRDA:171,13,0,0
BRDA:171,13,1,0
BRDA:173,14,0,0
BRDA:173,14,1,0
BRDA:176,15,0,0
BRDA:176,15,1,0
BRDA:189,16,0,0
BRDA:189,16,1,0
BRF:34
BRH:0
end_of_record
TN:
SF:src/participant/pages/schedule/components/TaskDetailsModal.tsx
FN:16,TaskDetailsModal
FNF:1
FNH:0
FNDA:0,TaskDetailsModal
DA:21,0
DA:23,0
DA:28,0
LF:3
LH:0
BRDA:21,0,0,0
BRDA:21,0,1,0
BRDA:33,1,0,0
BRDA:33,1,1,0
BRDA:45,2,0,0
BRDA:45,2,1,0
BRDA:66,3,0,0
BRDA:66,3,1,0
BRF:8
BRH:0
end_of_record
TN:
SF:src/test-utils/renderWithRouter.tsx
FN:5,renderWithRouter
FNF:1
FNH:1
FNDA:9,renderWithRouter
DA:9,9
LF:1
LH:1
BRDA:7,0,0,4
BRF:1
BRH:1
end_of_record
TN:
SF:src/theme/colors.ts
FNF:0
FNH:0
DA:11,1
LF:1
LH:1
BRF:0
BRH:0
end_of_record
TN:
SF:src/theme/components.ts
FNF:0
FNH:0
DA:11,1
DA:13,1
DA:22,1
DA:29,1
DA:31,1
DA:55,1
DA:59,1
DA:78,1
LF:8
LH:8
BRF:0
BRH:0
end_of_record
TN:
SF:src/theme/typography.ts
FNF:0
FNH:0
DA:11,1
DA:20,1
LF:2
LH:2
BRF:0
BRH:0
end_of_record
TN:
SF:src/types/component.ts
FNF:0
FNH:0
LF:0
LH:0
BRF:0
BRH:0
end_of_record
TN:
SF:src/types/enums.ts
FNF:0
FNH:0
LF:0
LH:0
BRF:0
BRH:0
end_of_record
TN:
SF:src/types/models.ts
FNF:0
FNH:0
LF:0
LH:0
BRF:0
BRH:0
end_of_record
TN:
SF:src/ui/UI.tsx
FN:67,UI
FN:119,(anonymous_1)
FN:134,(anonymous_2)
FN:149,(anonymous_3)
FN:246,(anonymous_4)
FN:251,(anonymous_5)
FN:256,(anonymous_6)
FN:262,(anonymous_7)
FN:270,(anonymous_8)
FN:275,(anonymous_9)
FN:280,(anonymous_10)
FN:288,(anonymous_11)
FN:293,(anonymous_12)
FN:297,(anonymous_13)
FN:349,(anonymous_14)
FN:353,(anonymous_15)
FN:357,(anonymous_16)
FN:363,(anonymous_17)
FN:364,(anonymous_18)
FN:377,(anonymous_19)
FN:378,(anonymous_20)
FN:391,(anonymous_21)
FN:392,(anonymous_22)
FN:548,(anonymous_23)
FN:554,(anonymous_24)
FN:555,(anonymous_25)
FN:566,(anonymous_26)
FNF:27
FNH:0
FNDA:0,UI
FNDA:0,(anonymous_1)
FNDA:0,(anonymous_2)
FNDA:0,(anonymous_3)
FNDA:0,(anonymous_4)
FNDA:0,(anonymous_5)
FNDA:0,(anonymous_6)
FNDA:0,(anonymous_7)
FNDA:0,(anonymous_8)
FNDA:0,(anonymous_9)
FNDA:0,(anonymous_10)
FNDA:0,(anonymous_11)
FNDA:0,(anonymous_12)
FNDA:0,(anonymous_13)
FNDA:0,(anonymous_14)
FNDA:0,(anonymous_15)
FNDA:0,(anonymous_16)
FNDA:0,(anonymous_17)
FNDA:0,(anonymous_18)
FNDA:0,(anonymous_19)
FNDA:0,(anonymous_20)
FNDA:0,(anonymous_21)
FNDA:0,(anonymous_22)
FNDA:0,(anonymous_23)
FNDA:0,(anonymous_24)
FNDA:0,(anonymous_25)
FNDA:0,(anonymous_26)
DA:68,0
DA:69,0
DA:70,0
DA:71,0
DA:72,0
DA:73,0
DA:74,0
DA:75,0
DA:76,0
DA:77,0
DA:78,0
DA:79,0
DA:84,0
DA:88,0
DA:90,0
DA:91,0
DA:93,0
DA:94,0
DA:97,0
DA:98,0
DA:99,0
DA:100,0
DA:106,0
DA:153,0
DA:154,0
DA:229,0
DA:349,0
DA:353,0
DA:357,0
DA:365,0
DA:379,0
DA:393,0
DA:548,0
DA:556,0
DA:566,0
LF:35
LH:0
BRDA:359,0,0,0
BRDA:359,0,1,0
BRDA:373,1,0,0
BRDA:373,1,1,0
BRDA:387,2,0,0
BRDA:387,2,1,0
BRDA:550,3,0,0
BRDA:550,3,1,0
BRDA:566,4,0,0
BRDA:566,4,1,0
BRF:10
BRH:0
end_of_record
TN:
SF:src/ui/badge/BadgeLevelRow.tsx
FN:15,(anonymous_0)
FN:26,getPercentageComplete
FNF:2
FNH:0
FNDA:0,(anonymous_0)
FNDA:0,getPercentageComplete
DA:15,1
DA:20,0
DA:22,0
DA:24,0
DA:27,0
DA:28,0
DA:30,0
DA:31,0
DA:32,0
DA:34,0
DA:37,0
LF:11
LH:1
BRDA:18,0,0,0
BRDA:20,1,0,0
BRDA:20,1,1,0
BRDA:22,2,0,0
BRDA:22,2,1,0
BRDA:24,3,0,0
BRDA:24,3,1,0
BRDA:27,4,0,0
BRDA:27,4,1,0
BRDA:30,5,0,0
BRDA:30,5,1,0
BRDA:31,6,0,0
BRDA:31,6,1,0
BRDA:39,7,0,0
BRDA:39,7,1,0
BRDA:64,8,0,0
BRDA:64,8,1,0
BRF:17
BRH:0
end_of_record
TN:
SF:src/ui/badge/BadgeProgress.tsx
FN:38,(anonymous_0)
FN:47,(anonymous_1)
FNF:2
FNH:0
FNDA:0,(anonymous_0)
FNDA:0,(anonymous_1)
DA:11,1
DA:38,1
DA:39,0
DA:47,1
DA:52,0
DA:54,0
DA:55,0
DA:57,0
DA:58,0
DA:65,0
LF:10
LH:3
BRDA:50,0,0,0
BRDA:52,1,0,0
BRDA:52,1,1,0
BRDA:54,2,0,0
BRDA:54,2,1,0
BRDA:87,3,0,0
BRDA:87,3,1,0
BRF:7
BRH:0
end_of_record
TN:
SF:src/ui/badge/CustomBadgeRow.tsx
FN:11,(anonymous_0)
FNF:1
FNH:0
FNDA:0,(anonymous_0)
DA:11,1
DA:12,0
LF:2
LH:1
BRDA:14,0,0,0
BRDA:14,0,1,0
BRF:2
BRH:0
end_of_record
TN:
SF:src/ui/buttons/BlackOutlineButton.tsx
FN:9,BlackOutlineButton
FNF:1
FNH:0
FNDA:0,BlackOutlineButton
DA:16,0
LF:1
LH:0
BRDA:13,0,0,0
BRF:1
BRH:0
end_of_record
TN:
SF:src/ui/buttons/GreenOutlineButton.tsx
FN:5,GreenOutlineButton
FNF:1
FNH:1
FNDA:4,GreenOutlineButton
DA:11,4
LF:1
LH:1
BRF:0
BRH:0
end_of_record
TN:
SF:src/ui/buttons/OrangeButton.tsx
FN:5,OrangeButton
FNF:1
FNH:1
FNDA:4,OrangeButton
DA:11,4
LF:1
LH:1
BRF:0
BRH:0
end_of_record
TN:
SF:src/ui/buttons/ToggleButton.tsx
FN:9,ToggleButton
FN:20,(anonymous_1)
FNF:2
FNH:0
FNDA:0,ToggleButton
FNDA:0,(anonymous_1)
DA:10,0
DA:20,0
LF:2
LH:0
BRDA:17,0,0,0
BRDA:17,0,1,0
BRDA:31,1,0,0
BRDA:31,1,1,0
BRF:4
BRH:0
end_of_record
TN:
SF:src/ui/buttons/UnderlineButton.tsx
FN:7,UnderlineButton
FNF:1
FNH:1
FNDA:1,UnderlineButton
DA:11,1
LF:1
LH:1
BRF:0
BRH:0
end_of_record
TN:
SF:src/ui/containers/PopupContainer.tsx
FN:27,PopupContainer
FNF:1
FNH:0
FNDA:0,PopupContainer
DA:39,0
LF:1
LH:0
BRDA:29,0,0,0
BRDA:33,1,0,0
BRDA:34,2,0,0
BRDA:35,3,0,0
BRDA:63,4,0,0
BRDA:63,4,1,0
BRDA:72,5,0,0
BRDA:72,5,1,0
BRDA:84,6,0,0
BRDA:84,6,1,0
BRDA:94,7,0,0
BRDA:94,7,1,0
BRDA:106,8,0,0
BRDA:106,8,1,0
BRDA:120,9,0,0
BRDA:120,9,1,0
BRF:16
BRH:0
end_of_record
TN:
SF:src/ui/containers/WidgetContainer.tsx
FN:15,WidgetContainer
FNF:1
FNH:1
FNDA:6,WidgetContainer
DA:25,6
LF:1
LH:1
BRDA:16,0,0,4
BRDA:18,1,0,0
BRDA:19,2,0,0
BRDA:20,3,0,0
BRDA:21,4,0,0
BRDA:22,5,0,2
BRDA:23,6,0,4
BRDA:37,7,0,0
BRDA:37,7,1,6
BRDA:46,8,0,0
BRDA:46,8,1,6
BRF:11
BRH:5
end_of_record
TN:
SF:src/ui/icons/ActionIcons.tsx
FN:5,(anonymous_0)
FN:26,(anonymous_1)
FN:44,(anonymous_2)
FN:67,(anonymous_3)
FN:85,(anonymous_4)
FN:108,(anonymous_5)
FN:129,(anonymous_6)
FN:160,(anonymous_7)
FN:178,(anonymous_8)
FN:237,(anonymous_9)
FN:255,(anonymous_10)
FN:275,(anonymous_11)
FNF:12
FNH:3
FNDA:0,(anonymous_0)
FNDA:0,(anonymous_1)
FNDA:0,(anonymous_2)
FNDA:0,(anonymous_3)
FNDA:0,(anonymous_4)
FNDA:1,(anonymous_5)
FNDA:0,(anonymous_6)
FNDA:0,(anonymous_7)
FNDA:0,(anonymous_8)
FNDA:3,(anonymous_9)
FNDA:1,(anonymous_10)
FNDA:0,(anonymous_11)
DA:5,7
DA:9,0
DA:10,0
DA:26,7
DA:27,0
DA:28,0
DA:44,7
DA:48,0
DA:49,0
DA:67,7
DA:68,0
DA:69,0
DA:85,7
DA:86,0
DA:87,0
DA:108,7
DA:112,1
DA:113,1
DA:129,7
DA:133,0
DA:134,0
DA:160,7
DA:164,0
DA:178,7
DA:182,0
DA:183,0
DA:237,7
DA:238,3
DA:239,3
DA:255,7
DA:256,1
DA:257,1
DA:275,7
DA:276,0
LF:34
LH:18
BRDA:6,0,0,0
BRDA:7,1,0,0
BRDA:26,2,0,0
BRDA:26,3,0,0
BRDA:45,4,0,0
BRDA:46,5,0,0
BRDA:67,6,0,0
BRDA:67,7,0,0
BRDA:85,8,0,0
BRDA:85,9,0,0
BRDA:109,10,0,0
BRDA:110,11,0,0
BRDA:130,12,0,0
BRDA:131,13,0,0
BRDA:161,14,0,0
BRDA:162,15,0,0
BRDA:179,16,0,0
BRDA:180,17,0,0
BRDA:237,18,0,0
BRDA:237,19,0,3
BRDA:255,20,0,0
BRDA:255,21,0,1
BRDA:275,22,0,0
BRDA:275,23,0,0
BRF:24
BRH:2
end_of_record
TN:
SF:src/ui/icons/BadgeIcons.tsx
FN:5,(anonymous_0)
FN:25,(anonymous_1)
FN:70,(anonymous_2)
FN:91,(anonymous_3)
FN:112,(anonymous_4)
FN:143,(anonymous_5)
FN:164,(anonymous_6)
FN:185,(anonymous_7)
FN:206,(anonymous_8)
FN:227,(anonymous_9)
FN:245,(anonymous_10)
FN:268,(anonymous_11)
FN:296,(anonymous_12)
FN:324,(anonymous_13)
FNF:14
FNH:0
FNDA:0,(anonymous_0)
FNDA:0,(anonymous_1)
FNDA:0,(anonymous_2)
FNDA:0,(anonymous_3)
FNDA:0,(anonymous_4)
FNDA:0,(anonymous_5)
FNDA:0,(anonymous_6)
FNDA:0,(anonymous_7)
FNDA:0,(anonymous_8)
FNDA:0,(anonymous_9)
FNDA:0,(anonymous_10)
FNDA:0,(anonymous_11)
FNDA:0,(anonymous_12)
FNDA:0,(anonymous_13)
DA:5,1
DA:6,0
DA:7,0
DA:25,1
DA:29,0
DA:30,0
DA:70,1
DA:74,0
DA:75,0
DA:91,1
DA:95,0
DA:96,0
DA:112,1
DA:116,0
DA:117,0
DA:143,1
DA:147,0
DA:148,0
DA:164,1
DA:168,0
DA:169,0
DA:185,1
DA:189,0
DA:190,0
DA:206,1
DA:210,0
DA:211,0
DA:227,1
DA:228,0
DA:229,0
DA:245,1
DA:249,0
DA:250,0
DA:268,1
DA:272,0
DA:273,0
DA:296,1
DA:300,0
DA:301,0
DA:324,1
DA:328,0
DA:329,0
LF:42
LH:14
BRDA:5,0,0,0
BRDA:5,1,0,0
BRDA:26,2,0,0
BRDA:27,3,0,0
BRDA:71,4,0,0
BRDA:72,5,0,0
BRDA:92,6,0,0
BRDA:93,7,0,0
BRDA:113,8,0,0
BRDA:114,9,0,0
BRDA:144,10,0,0
BRDA:145,11,0,0
BRDA:165,12,0,0
BRDA:166,13,0,0
BRDA:186,14,0,0
BRDA:187,15,0,0
BRDA:207,16,0,0
BRDA:208,17,0,0
BRDA:227,18,0,0
BRDA:227,19,0,0
BRDA:246,20,0,0
BRDA:247,21,0,0
BRDA:269,22,0,0
BRDA:270,23,0,0
BRDA:297,24,0,0
BRDA:298,25,0,0
BRDA:325,26,0,0
BRDA:326,27,0,0
BRF:28
BRH:0
end_of_record
TN:
SF:src/ui/icons/BadgeLevelFrameIcons.tsx
FN:5,(anonymous_0)
FN:37,(anonymous_1)
FN:85,(anonymous_2)
FN:133,(anonymous_3)
FN:181,(anonymous_4)
FN:229,(anonymous_5)
FNF:6
FNH:0
FNDA:0,(anonymous_0)
FNDA:0,(anonymous_1)
FNDA:0,(anonymous_2)
FNDA:0,(anonymous_3)
FNDA:0,(anonymous_4)
FNDA:0,(anonymous_5)
DA:5,1
DA:6,0
DA:37,1
DA:38,0
DA:85,1
DA:86,0
DA:133,1
DA:134,0
DA:181,1
DA:182,0
DA:229,1
DA:230,0
LF:12
LH:6
BRDA:5,0,0,0
BRDA:37,1,0,0
BRDA:85,2,0,0
BRDA:133,3,0,0
BRDA:181,4,0,0
BRDA:229,5,0,0
BRF:6
BRH:0
end_of_record
TN:
SF:src/ui/icons/MiscIcons.tsx
FN:5,(anonymous_0)
FN:28,(anonymous_1)
FN:87,(anonymous_2)
FN:125,(anonymous_3)
FN:147,(anonymous_4)
FN:217,(anonymous_5)
FN:241,(anonymous_6)
FN:256,(anonymous_7)
FN:289,(anonymous_8)
FNF:9
FNH:2
FNDA:0,(anonymous_0)
FNDA:0,(anonymous_1)
FNDA:4,(anonymous_2)
FNDA:0,(anonymous_3)
FNDA:0,(anonymous_4)
FNDA:0,(anonymous_5)
FNDA:0,(anonymous_6)
FNDA:0,(anonymous_7)
FNDA:4,(anonymous_8)
DA:5,4
DA:9,0
DA:10,0
DA:28,4
DA:29,0
DA:30,0
DA:87,4
DA:88,4
DA:125,4
DA:126,0
DA:147,4
DA:148,0
DA:217,4
DA:221,0
DA:222,0
DA:241,4
DA:242,0
DA:256,4
DA:260,0
DA:261,0
DA:289,4
DA:293,4
DA:294,4
LF:23
LH:12
BRDA:6,0,0,0
BRDA:7,1,0,0
BRDA:28,2,0,0
BRDA:28,3,0,0
BRDA:87,4,0,0
BRDA:125,5,0,0
BRDA:147,6,0,0
BRDA:218,7,0,0
BRDA:219,8,0,0
BRDA:241,9,0,0
BRDA:257,10,0,0
BRDA:258,11,0,0
BRDA:290,12,0,4
BRDA:291,13,0,4
BRF:14
BRH:2
end_of_record
TN:
SF:src/ui/icons/NotificationIcons.tsx
FN:5,(anonymous_0)
FN:23,(anonymous_1)
FN:38,(anonymous_2)
FNF:3
FNH:0
FNDA:0,(anonymous_0)
FNDA:0,(anonymous_1)
FNDA:0,(anonymous_2)
DA:5,2
DA:6,0
DA:7,0
DA:23,2
DA:24,0
DA:25,0
DA:38,2
DA:42,0
DA:43,0
LF:9
LH:3
BRDA:5,0,0,0
BRDA:5,1,0,0
BRDA:23,2,0,0
BRDA:23,3,0,0
BRDA:39,4,0,0
BRDA:40,5,0,0
BRF:6
BRH:0
end_of_record
TN:
SF:src/ui/icons/StatusIcons.tsx
FN:4,(anonymous_0)
FN:20,(anonymous_1)
FN:42,(anonymous_2)
FN:62,(anonymous_3)
FNF:4
FNH:0
FNDA:0,(anonymous_0)
FNDA:0,(anonymous_1)
FNDA:0,(anonymous_2)
FNDA:0,(anonymous_3)
DA:4,1
DA:5,0
DA:20,1
DA:21,0
DA:42,1
DA:43,0
DA:62,1
DA:63,0
LF:8
LH:4
BRDA:4,0,0,0
BRDA:20,1,0,0
BRDA:42,2,0,0
BRDA:62,3,0,0
BRF:4
BRH:0
end_of_record
TN:
SF:src/ui/inputs/DateInput.tsx
FN:9,DateInput
FN:27,(anonymous_1)
FNF:2
FNH:0
FNDA:0,DateInput
FNDA:0,(anonymous_1)
DA:16,0
DA:17,0
DA:27,0
LF:3
LH:0
BRDA:16,0,0,0
BRDA:16,0,1,0
BRDA:16,1,0,0
BRDA:16,1,1,0
BRDA:19,2,0,0
BRDA:19,2,1,0
BRDA:26,3,0,0
BRDA:26,3,1,0
BRF:8
BRH:0
end_of_record
TN:
SF:src/ui/inputs/DropdownInput.tsx
FN:9,DropdownInput
FN:28,(anonymous_1)
FN:44,(anonymous_2)
FNF:3
FNH:2
FNDA:2,DropdownInput
FNDA:0,(anonymous_1)
FNDA:4,(anonymous_2)
DA:18,2
DA:19,2
DA:28,0
DA:45,4
LF:4
LH:3
BRDA:14,0,0,0
BRDA:18,1,0,0
BRDA:18,1,1,2
BRDA:18,2,0,2
BRDA:18,2,1,0
BRDA:21,3,0,2
BRDA:21,3,1,0
BRDA:27,4,0,2
BRDA:27,4,1,0
BRF:9
BRH:4
end_of_record
TN:
SF:src/ui/inputs/FixedInput.tsx
FN:9,FixedInput
FNF:1
FNH:0
FNDA:0,FixedInput
DA:14,0
LF:1
LH:0
BRDA:10,0,0,0
BRDA:18,1,0,0
BRDA:18,1,1,0
BRF:3
BRH:0
end_of_record
TN:
SF:src/ui/inputs/NumberInput.tsx
FN:5,NumberInput
FN:25,(anonymous_1)
FNF:2
FNH:1
FNDA:2,NumberInput
FNDA:0,(anonymous_1)
DA:13,2
DA:14,2
DA:26,0
LF:3
LH:2
BRDA:13,0,0,0
BRDA:13,0,1,2
BRDA:13,1,0,2
BRDA:13,1,1,0
BRDA:16,2,0,2
BRDA:16,2,1,0
BRDA:23,3,0,0
BRDA:23,3,1,2
BRDA:26,4,0,0
BRDA:26,4,1,0
BRF:10
BRH:4
end_of_record
TN:
SF:src/ui/inputs/PasswordInput.tsx
FN:13,PasswordInput
FN:35,(anonymous_1)
FN:56,(anonymous_2)
FNF:3
FNH:1
FNDA:4,PasswordInput
FNDA:0,(anonymous_1)
FNDA:0,(anonymous_2)
DA:20,4
DA:22,4
DA:23,4
DA:35,0
DA:56,0
LF:5
LH:3
BRDA:16,0,0,2
BRDA:22,1,0,0
BRDA:22,1,1,4
BRDA:22,2,0,4
BRDA:22,2,1,0
BRDA:25,3,0,4
BRDA:25,3,1,0
BRDA:32,4,0,0
BRDA:32,4,1,4
BRDA:55,5,0,0
BRDA:55,5,1,4
BRF:11
BRH:6
end_of_record
TN:
SF:src/ui/inputs/SelectInput.tsx
FN:9,SelectInput
FN:24,(anonymous_1)
FN:27,(anonymous_2)
FNF:3
FNH:0
FNDA:0,SelectInput
FNDA:0,(anonymous_1)
FNDA:0,(anonymous_2)
DA:15,0
DA:24,0
DA:28,0
LF:3
LH:0
BRDA:17,0,0,0
BRDA:17,0,1,0
BRF:2
BRH:0
end_of_record
TN:
SF:src/ui/inputs/TextAreaInput.tsx
FN:5,TextAreaInput
FN:22,(anonymous_1)
FNF:2
FNH:0
FNDA:0,TextAreaInput
FNDA:0,(anonymous_1)
DA:12,0
DA:13,0
DA:22,0
LF:3
LH:0
BRDA:12,0,0,0
BRDA:12,0,1,0
BRDA:12,1,0,0
BRDA:12,1,1,0
BRDA:15,2,0,0
BRDA:15,2,1,0
BRF:6
BRH:0
end_of_record
TN:
SF:src/ui/inputs/TextInput.tsx
FN:5,TextInput
FN:24,(anonymous_1)
FNF:2
FNH:0
FNDA:0,TextInput
FNDA:0,(anonymous_1)
DA:12,0
DA:13,0
DA:24,0
LF:3
LH:0
BRDA:12,0,0,0
BRDA:12,0,1,0
BRDA:12,1,0,0
BRDA:12,1,1,0
BRDA:15,2,0,0
BRDA:15,2,1,0
BRF:6
BRH:0
end_of_record
TN:
SF:src/ui/inputs/TimeInput.tsx
FN:9,TimeInput
FN:27,(anonymous_1)
FNF:2
FNH:0
FNDA:0,TimeInput
FNDA:0,(anonymous_1)
DA:16,0
DA:17,0
DA:27,0
LF:3
LH:0
BRDA:16,0,0,0
BRDA:16,0,1,0
BRDA:16,1,0,0
BRDA:16,1,1,0
BRDA:19,2,0,0
BRDA:19,2,1,0
BRDA:26,3,0,0
BRDA:26,3,1,0
BRF:8
BRH:0
end_of_record
TN:
SF:src/ui/misc/DataTable.tsx
FN:34,(anonymous_0)
FN:45,(anonymous_1)
FN:84,(anonymous_2)
FN:90,(anonymous_3)
FNF:4
FNH:4
FNDA:3,(anonymous_0)
FNDA:14,(anonymous_1)
FNDA:1,(anonymous_2)
FNDA:6,(anonymous_3)
DA:34,4
DA:35,3
DA:46,14
DA:85,1
DA:91,6
LF:5
LH:5
BRDA:51,0,0,5
BRDA:51,0,1,9
BRDA:60,1,0,0
BRDA:60,1,1,3
BRDA:66,2,0,0
BRDA:66,2,1,3
BRDA:87,3,0,0
BRDA:87,3,1,1
BRDA:92,4,0,0
BRDA:92,4,1,6
BRF:10
BRH:6
end_of_record
TN:
SF:src/ui/misc/DateOptions.tsx
FN:32,DateOptions
FN:48,(anonymous_1)
FN:55,(anonymous_2)
FN:76,(anonymous_3)
FN:83,handleSelectDay
FN:91,(anonymous_5)
FN:122,(anonymous_6)
FN:132,(anonymous_7)
FN:141,(anonymous_8)
FN:145,(anonymous_9)
FN:155,(anonymous_10)
FNF:11
FNH:0
FNDA:0,DateOptions
FNDA:0,(anonymous_1)
FNDA:0,(anonymous_2)
FNDA:0,(anonymous_3)
FNDA:0,handleSelectDay
FNDA:0,(anonymous_5)
FNDA:0,(anonymous_6)
FNDA:0,(anonymous_7)
FNDA:0,(anonymous_8)
FNDA:0,(anonymous_9)
FNDA:0,(anonymous_10)
DA:48,0
DA:49,0
DA:50,0
DA:51,0
DA:55,0
DA:56,0
DA:57,0
DA:58,0
DA:59,0
DA:60,0
DA:61,0
DA:62,0
DA:63,0
DA:64,0
DA:65,0
DA:66,0
DA:67,0
DA:68,0
DA:72,0
DA:76,0
DA:77,0
DA:78,0
DA:79,0
DA:84,0
DA:85,0
DA:86,0
DA:87,0
DA:88,0
DA:89,0
DA:91,0
DA:93,0
DA:94,0
DA:95,0
DA:96,0
DA:97,0
DA:98,0
DA:99,0
DA:100,0
DA:101,0
DA:103,0
DA:105,0
DA:106,0
DA:108,0
DA:113,0
DA:122,0
DA:132,0
DA:142,0
DA:145,0
DA:156,0
DA:157,0
DA:158,0
DA:160,0
LF:52
LH:0
BRDA:33,0,0,0
BRDA:49,1,0,0
BRDA:49,1,1,0
BRDA:56,2,0,0
BRDA:56,2,1,0
BRDA:58,3,0,0
BRDA:58,3,1,0
BRDA:62,4,0,0
BRDA:62,4,1,0
BRDA:68,5,0,0
BRDA:68,5,1,0
BRDA:69,6,0,0
BRDA:69,6,1,0
BRDA:77,7,0,0
BRDA:77,7,1,0
BRDA:84,8,0,0
BRDA:84,8,1,0
BRDA:85,9,0,0
BRDA:85,9,1,0
BRDA:87,10,0,0
BRDA:87,10,1,0
BRDA:88,11,0,0
BRDA:88,11,1,0
BRDA:93,12,0,0
BRDA:93,12,1,0
BRDA:94,13,0,0
BRDA:94,13,1,0
BRDA:96,14,0,0
BRDA:96,14,1,0
BRDA:100,15,0,0
BRDA:100,15,1,0
BRDA:105,16,0,0
BRDA:105,16,1,0
BRDA:115,17,0,0
BRDA:115,17,1,0
BRDA:115,17,2,0
BRDA:127,18,0,0
BRDA:127,18,1,0
BRDA:146,19,0,0
BRDA:146,19,1,0
BRDA:151,20,0,0
BRDA:151,20,1,0
BRDA:156,21,0,0
BRDA:156,21,1,0
BRDA:169,22,0,0
BRDA:169,22,1,0
BRF:46
BRH:0
end_of_record
TN:
SF:src/ui/misc/MarillacPlaceCalendar.tsx
FN:25,CustomHeader
FN:72,AssignedTaskEvent
FN:81,(anonymous_2)
FN:106,MarillacPlaceCalendar
FN:120,(anonymous_4)
FN:121,(anonymous_5)
FN:127,(anonymous_6)
FN:128,(anonymous_7)
FN:129,(anonymous_8)
FN:134,(anonymous_9)
FN:137,(anonymous_10)
FN:148,(anonymous_11)
FNF:12
FNH:0
FNDA:0,CustomHeader
FNDA:0,AssignedTaskEvent
FNDA:0,(anonymous_2)
FNDA:0,MarillacPlaceCalendar
FNDA:0,(anonymous_4)
FNDA:0,(anonymous_5)
FNDA:0,(anonymous_6)
FNDA:0,(anonymous_7)
FNDA:0,(anonymous_8)
FNDA:0,(anonymous_9)
FNDA:0,(anonymous_10)
FNDA:0,(anonymous_11)
DA:26,0
DA:27,0
DA:28,0
DA:30,0
DA:76,0
DA:77,0
DA:81,0
DA:112,0
DA:113,0
DA:120,0
DA:121,0
DA:127,0
DA:128,0
DA:129,0
DA:134,0
DA:138,0
DA:139,0
DA:149,0
DA:150,0
LF:19
LH:0
BRDA:50,0,0,0
BRDA:50,0,1,0
BRDA:58,1,0,0
BRDA:58,1,1,0
BRDA:88,2,0,0
BRDA:88,2,1,0
BRDA:112,3,0,0
BRDA:112,3,1,0
BRF:8
BRH:0
end_of_record
TN:
SF:src/ui/misc/TaskStatusDisplay.tsx
FN:38,TaskStatusDisplay
FNF:1
FNH:0
FNDA:0,TaskStatusDisplay
DA:11,0
DA:42,0
DA:43,0
LF:3
LH:0
BRDA:40,0,0,0
BRF:1
BRH:0
end_of_record
TN:
SF:src/ui/screens/ErrorScreen.tsx
FN:9,handleClick
FN:13,ErrorScreen
FN:69,(anonymous_2)
FNF:3
FNH:0
FNDA:0,handleClick
FNDA:0,ErrorScreen
FNDA:0,(anonymous_2)
DA:10,0
DA:16,0
DA:69,0
LF:3
LH:0
BRDA:14,0,0,0
BRF:1
BRH:0
end_of_record
TN:
SF:src/ui/screens/LoadingScreen.tsx
FN:7,LoadingScreen
FNF:1
FNH:1
FNDA:6,LoadingScreen
DA:10,6
LF:1
LH:1
BRDA:8,0,0,6
BRF:1
BRH:1
end_of_record
TN:
SF:src/ui/screens/NotFoundScreen.tsx
FN:10,NotFoundScreen
FN:13,handleClick
FN:52,(anonymous_2)
FNF:3
FNH:0
FNDA:0,NotFoundScreen
FNDA:0,handleClick
FNDA:0,(anonymous_2)
DA:11,0
DA:14,0
DA:15,0
DA:16,0
DA:18,0
DA:22,0
DA:52,0
LF:7
LH:0
BRDA:15,0,0,0
BRDA:15,0,1,0
BRDA:15,1,0,0
BRDA:15,1,1,0
BRF:4
BRH:0
end_of_record

TN:
SF:constants/days.ts
FN:1,__export
FN:1,__copyProps
FN:1,get
FN:1,__toCommonJS
FN:1,orderedDays
FNF:5
FNH:5
FNDA:1,__export
FNDA:1,__copyProps
FNDA:1,get
FNDA:1,__toCommonJS
FNDA:1,orderedDays
DA:1,1
DA:2,1
DA:3,1
DA:4,1
DA:5,1
DA:6,1
DA:7,1
DA:8,1
DA:9,1
DA:10,1
DA:11,0
LF:11
LH:10
BRDA:11,0,0,0
BRDA:1,1,0,1
BRDA:1,2,0,1
BRDA:1,3,0,0
BRDA:1,4,0,1
BRDA:1,5,0,1
BRDA:1,6,0,1
BRF:7
BRH:5
end_of_record
TN:
SF:utils/dateUtils.ts
FN:1,__name
FN:1,__export
FN:1,__copyProps
FN:1,get
FN:1,__toCommonJS
FN:1,combineDayAndTime
FN:1,getESTDate
FN:1,getEndOfDay
FN:1,getEndOfMonth
FN:1,getEndOfWeek
FN:1,getStartOfDay
FN:1,getStartOfMonth
FN:1,getStartOfWeek
FN:1,getUTCDate
FN:1,whichDay
FN:15,getESTDate
FN:19,getUTCDate
FN:23,whichDay
FN:28,getStartOfDay
FN:35,getEndOfDay
FN:42,getStartOfWeek
FN:49,getEndOfWeek
FN:56,getStartOfMonth
FN:63,getEndOfMonth
FN:70,combineDayAndTime
FNF:25
FNH:15
FNDA:10,__name
FNDA:1,__export
FNDA:1,__copyProps
FNDA:4,get
FNDA:1,__toCommonJS
FNDA:1,combineDayAndTime
FNDA:0,getESTDate
FNDA:1,getEndOfDay
FNDA:0,getEndOfMonth
FNDA:0,getEndOfWeek
FNDA:1,getStartOfDay
FNDA:0,getStartOfMonth
FNDA:0,getStartOfWeek
FNDA:0,getUTCDate
FNDA:1,whichDay
FNDA:3,getESTDate
FNDA:2,getUTCDate
FNDA:1,whichDay
FNDA:1,getStartOfDay
FNDA:1,getEndOfDay
FNDA:0,getStartOfWeek
FNDA:0,getEndOfWeek
FNDA:0,getStartOfMonth
FNDA:0,getEndOfMonth
FNDA:1,combineDayAndTime
DA:1,1
DA:2,1
DA:3,1
DA:4,1
DA:5,1
DA:6,1
DA:7,1
DA:8,1
DA:9,1
DA:10,1
DA:11,1
DA:12,1
DA:13,1
DA:14,1
DA:15,1
DA:16,3
DA:17,3
DA:18,1
DA:19,1
DA:20,2
DA:21,2
DA:22,1
DA:23,1
DA:24,1
DA:25,1
DA:26,1
DA:27,1
DA:28,1
DA:29,1
DA:30,1
DA:31,1
DA:32,1
DA:33,1
DA:34,1
DA:35,1
DA:36,1
DA:37,1
DA:38,1
DA:39,1
DA:40,1
DA:41,1
DA:42,1
DA:43,0
DA:44,0
DA:45,0
DA:46,0
DA:47,0
DA:48,1
DA:49,1
DA:50,0
DA:51,0
DA:52,0
DA:53,0
DA:54,0
DA:55,1
DA:56,1
DA:57,0
DA:58,0
DA:59,0
DA:60,0
DA:61,0
DA:62,1
DA:63,1
DA:64,0
DA:65,0
DA:66,0
DA:67,0
DA:68,0
DA:69,1
DA:70,1
DA:71,1
DA:72,1
DA:73,1
DA:74,1
DA:75,1
DA:76,1
DA:77,1
DA:78,1
DA:79,1
DA:80,1
LF:80
LH:60
BRDA:70,0,0,0
BRDA:1,1,0,10
BRDA:1,2,0,1
BRDA:1,3,0,10
BRDA:1,4,0,1
BRDA:1,5,0,0
BRDA:1,6,0,10
BRDA:1,7,0,4
BRDA:1,8,0,1
BRDA:1,9,0,1
BRDA:1,10,0,1
BRDA:1,11,0,1
BRDA:1,12,0,1
BRDA:15,13,0,3
BRDA:19,14,0,2
BRDA:23,15,0,1
BRDA:28,16,0,1
BRDA:35,17,0,1
BRDA:70,18,0,1
BRF:19
BRH:17
end_of_record

TN:
SF:constants/days.ts
FN:1,__export
FN:1,__copyProps
FN:1,get
FN:1,__toCommonJS
FN:1,orderedDays
FNF:5
FNH:3
FNDA:2,__export
FNDA:2,__copyProps
FNDA:0,get
FNDA:2,__toCommonJS
FNDA:0,orderedDays
DA:1,1
DA:2,1
DA:3,1
DA:4,1
DA:5,1
DA:6,1
DA:7,1
DA:8,1
DA:9,1
DA:10,1
DA:11,0
LF:11
LH:10
BRDA:11,0,0,0
BRDA:1,1,0,2
BRDA:1,2,0,2
BRDA:1,3,0,0
BRDA:1,4,0,2
BRF:5
BRH:3
end_of_record
TN:
SF:constants/roles.ts
FN:1,__export
FN:1,__copyProps
FN:1,get
FN:1,__toCommonJS
FN:1,ADMIN
FN:1,PARTICIPANT
FN:1,RELIEF
FNF:7
FNH:6
FNDA:1,__export
FNDA:1,__copyProps
FNDA:6,get
FNDA:1,__toCommonJS
FNDA:3,ADMIN
FNDA:0,PARTICIPANT
FNDA:3,RELIEF
DA:1,1
DA:2,1
DA:3,1
LF:3
LH:3
BRDA:3,0,0,0
BRDA:1,1,0,1
BRDA:1,2,0,3
BRDA:1,3,0,1
BRDA:1,4,0,0
BRDA:1,5,0,3
BRDA:1,6,0,6
BRDA:1,7,0,1
BRDA:1,8,0,3
BRDA:1,9,0,3
BRF:10
BRH:8
end_of_record
TN:
SF:constants/systemBadges.ts
FN:1,__export
FN:1,__copyProps
FN:1,get
FN:1,__toCommonJS
FN:1,FIRST_GOAL
FN:1,INDIVIDUAL_GOAL
FN:1,JACK_OF_ALL_TRADES
FN:1,LOGIN
FN:1,MONEY_EARNED
FN:1,PERFECT_SCORE_OPTIONAL
FN:1,PERFECT_SCORE_REQUIRED
FN:1,PR_LEADER
FN:1,SYSTEM_BADGES
FNF:13
FNH:3
FNDA:2,__export
FNDA:2,__copyProps
FNDA:0,get
FNDA:2,__toCommonJS
FNDA:0,FIRST_GOAL
FNDA:0,INDIVIDUAL_GOAL
FNDA:0,JACK_OF_ALL_TRADES
FNDA:0,LOGIN
FNDA:0,MONEY_EARNED
FNDA:0,PERFECT_SCORE_OPTIONAL
FNDA:0,PERFECT_SCORE_REQUIRED
FNDA:0,PR_LEADER
FNDA:0,SYSTEM_BADGES
DA:1,1
DA:2,1
DA:3,1
DA:4,1
DA:5,1
DA:6,1
DA:7,1
DA:8,1
DA:9,1
DA:10,1
DA:11,1
DA:12,1
DA:13,1
DA:14,1
DA:15,1
DA:16,1
DA:17,1
DA:18,1
DA:19,0
LF:19
LH:18
BRDA:19,0,0,0
BRDA:1,1,0,2
BRDA:1,2,0,18
BRDA:1,3,0,2
BRDA:1,4,0,0
BRDA:1,5,0,18
BRDA:1,6,0,2
BRF:7
BRH:5
end_of_record
TN:
SF:gql/resolvers/loginResolver.ts
FN:1,__name
FN:1,__export
FN:1,__copyProps
FN:1,get
FN:1,__toESM
FN:1,__toCommonJS
FN:1,default
FNF:7
FNH:7
FNDA:2,__name
FNDA:1,__export
FNDA:4,__copyProps
FNDA:9,get
FNDA:3,__toESM
FNDA:1,__toCommonJS
FNDA:3,default
DA:1,1
DA:2,1
DA:3,1
DA:4,1
DA:5,1
DA:6,1
DA:7,1
DA:8,1
DA:9,1
DA:10,1
DA:11,1
DA:12,1
DA:13,1
DA:14,1
DA:15,1
DA:16,3
DA:17,3
DA:18,3
DA:19,3
DA:20,3
DA:21,3
DA:22,3
DA:23,3
DA:24,3
DA:25,3
DA:26,3
DA:27,3
DA:28,3
DA:29,3
DA:30,0
DA:31,0
DA:32,3
DA:33,3
DA:34,3
DA:35,3
DA:36,1
DA:37,3
DA:38,3
DA:39,3
DA:40,3
DA:41,1
DA:42,3
DA:43,1
DA:44,0
DA:45,0
DA:46,0
DA:47,0
DA:48,0
DA:49,0
DA:50,0
DA:51,0
DA:52,0
DA:53,0
DA:54,0
DA:55,0
DA:56,0
DA:57,0
DA:58,0
DA:59,0
DA:60,0
DA:61,0
DA:62,0
DA:63,0
DA:64,0
DA:65,0
DA:66,0
DA:67,0
DA:68,0
DA:69,0
DA:70,0
DA:71,0
DA:72,0
DA:73,0
DA:74,0
DA:75,0
DA:76,0
DA:77,0
DA:78,0
DA:79,0
DA:80,0
DA:81,0
DA:82,0
DA:83,0
DA:84,0
DA:85,0
DA:86,0
DA:87,0
DA:88,0
DA:89,0
DA:90,0
DA:91,1
DA:92,1
DA:93,1
DA:94,1
LF:94
LH:45
BRDA:1,0,0,2
BRDA:1,1,0,1
BRDA:1,2,0,4
BRDA:1,3,0,0
BRDA:1,4,0,13
BRDA:1,5,0,9
BRDA:1,6,0,3
BRDA:1,7,0,0
BRDA:1,8,0,1
BRDA:1,9,0,2
BRDA:1,10,0,1
BRDA:1,11,0,3
BRDA:15,12,0,3
BRDA:25,13,0,1
BRDA:26,14,0,1
BRDA:28,15,0,2
BRDA:28,16,0,0
BRDA:29,17,0,0
BRDA:32,18,0,2
BRDA:32,19,0,0
BRDA:34,20,0,2
BRDA:35,21,0,1
BRDA:37,22,0,0
BRDA:38,23,0,0
BRDA:40,24,0,1
BRF:25
BRH:18
end_of_record
TN:
SF:gql/resolvers/participantResolver.ts
FN:1,__name
FN:1,__export
FN:1,__copyProps
FN:1,get
FN:1,__toESM
FN:1,__toCommonJS
FN:1,default
FNF:7
FNH:7
FNDA:5,__name
FNDA:1,__export
FNDA:2,__copyProps
FNDA:11,get
FNDA:1,__toESM
FNDA:1,__toCommonJS
FNDA:6,default
DA:1,1
DA:2,1
DA:3,1
DA:4,1
DA:5,1
DA:6,1
DA:7,1
DA:8,1
DA:9,1
DA:10,0
DA:11,0
DA:12,0
DA:13,0
DA:14,0
DA:15,0
DA:16,0
DA:17,0
DA:18,0
DA:19,1
DA:20,0
DA:21,0
DA:22,0
DA:23,0
DA:24,0
DA:25,0
DA:26,0
DA:27,0
DA:28,0
DA:29,0
DA:30,1
DA:31,0
DA:32,0
DA:33,0
DA:34,0
DA:35,0
DA:36,0
DA:37,0
DA:38,0
DA:39,0
DA:40,0
DA:41,1
DA:42,1
DA:43,1
DA:44,3
DA:45,3
DA:46,3
DA:47,3
DA:48,3
DA:49,3
DA:50,3
DA:51,3
DA:52,3
DA:53,3
DA:54,3
DA:55,3
DA:56,3
DA:57,3
DA:58,3
DA:59,3
DA:60,3
DA:61,3
DA:62,3
DA:63,2
DA:64,3
DA:65,1
DA:66,3
DA:67,0
DA:68,0
DA:69,3
DA:70,3
DA:71,1
DA:72,1
DA:73,1
DA:74,1
DA:75,1
DA:76,1
DA:77,1
DA:78,1
DA:79,1
DA:80,3
DA:81,3
DA:82,0
DA:83,0
DA:84,0
DA:85,0
DA:86,0
DA:87,0
DA:88,0
DA:89,0
DA:90,0
DA:91,0
DA:92,0
DA:93,0
DA:94,0
DA:95,0
DA:96,3
DA:97,1
DA:98,3
DA:99,3
DA:100,3
DA:101,3
DA:102,3
DA:103,3
DA:104,3
DA:105,3
DA:106,3
DA:107,3
DA:108,3
DA:109,3
DA:110,3
DA:111,3
DA:112,3
DA:113,3
DA:114,3
DA:115,3
DA:116,3
DA:117,3
DA:118,3
DA:119,3
DA:120,3
DA:121,3
DA:122,3
DA:123,1
DA:124,1
DA:125,1
DA:126,1
DA:127,1
DA:128,1
DA:129,1
DA:130,3
DA:131,1
DA:132,1
DA:133,1
DA:134,1
LF:134
LH:89
BRDA:1,0,0,5
BRDA:1,1,0,1
BRDA:1,2,0,2
BRDA:1,3,0,0
BRDA:1,4,0,3
BRDA:1,5,0,11
BRDA:1,6,0,1
BRDA:1,7,0,0
BRDA:1,8,0,0
BRDA:1,9,0,1
BRDA:1,10,0,6
BRDA:43,11,0,3
BRDA:60,12,0,1
BRDA:62,13,0,2
BRDA:64,14,0,1
BRDA:66,15,0,0
BRDA:70,16,0,1
BRDA:81,17,0,0
BRDA:97,18,0,3
BRDA:114,19,0,1
BRDA:115,20,0,2
BRDA:116,21,0,0
BRDA:117,22,0,0
BRDA:120,23,0,1
BRDA:122,24,0,2
BRDA:122,25,0,1
BRF:26
BRH:19
end_of_record
TN:
SF:gql/resolvers/receivedAnnouncementResolver.ts
FN:1,__name
FN:1,__export
FN:1,__copyProps
FN:1,get
FN:1,__toESM
FN:1,__toCommonJS
FN:1,default
FNF:7
FNH:7
FNDA:3,__name
FNDA:1,__export
FNDA:2,__copyProps
FNDA:7,get
FNDA:1,__toESM
FNDA:1,__toCommonJS
FNDA:4,default
DA:1,1
DA:2,1
DA:3,1
DA:4,1
DA:5,1
DA:6,1
DA:7,2
DA:8,2
DA:9,2
DA:10,2
DA:11,2
DA:12,2
DA:13,2
DA:14,2
DA:15,2
DA:16,2
DA:17,2
DA:18,2
DA:19,2
DA:20,2
DA:21,2
DA:22,2
DA:23,2
DA:24,2
DA:25,1
DA:26,1
DA:27,1
DA:28,1
DA:29,1
DA:30,1
DA:31,2
DA:32,2
DA:33,2
DA:34,2
DA:35,2
DA:36,2
DA:37,2
DA:38,1
DA:39,1
DA:40,1
DA:41,2
DA:42,2
DA:43,2
DA:44,2
DA:45,2
DA:46,2
DA:47,2
DA:48,2
DA:49,2
DA:50,2
DA:51,2
DA:52,2
DA:53,2
DA:54,2
DA:55,2
DA:56,2
DA:57,2
DA:58,2
DA:59,2
DA:60,1
DA:61,1
DA:62,1
DA:63,1
DA:64,1
DA:65,1
DA:66,1
DA:67,2
DA:68,1
DA:69,1
DA:70,1
DA:71,0
DA:72,0
DA:73,0
DA:74,0
DA:75,1
DA:76,1
DA:77,1
DA:78,1
LF:78
LH:74
BRDA:1,0,0,3
BRDA:1,1,0,1
BRDA:1,2,0,2
BRDA:1,3,0,0
BRDA:1,4,0,3
BRDA:1,5,0,7
BRDA:1,6,0,1
BRDA:1,7,0,0
BRDA:1,8,0,0
BRDA:1,9,0,1
BRDA:1,10,0,4
BRDA:6,11,0,2
BRDA:22,12,0,1
BRDA:23,13,0,1
BRDA:24,14,0,1
BRDA:40,15,0,2
BRDA:55,16,0,1
BRDA:56,17,0,0
BRDA:59,18,0,1
BRF:19
BRH:15
end_of_record
TN:
SF:prisma/index.ts
FN:1,__export
FN:1,__copyProps
FN:1,get
FN:1,__toCommonJS
FN:1,default
FNF:5
FNH:5
FNDA:3,__export
FNDA:3,__copyProps
FNDA:15,get
FNDA:3,__toCommonJS
FNDA:15,default
DA:1,1
DA:2,1
DA:3,1
DA:4,1
DA:5,1
LF:5
LH:5
BRDA:1,0,0,3
BRDA:1,1,0,3
BRDA:1,2,0,0
BRDA:1,3,0,15
BRDA:1,4,0,3
BRDA:1,5,0,15
BRF:6
BRH:5
end_of_record
TN:
SF:utils/badgeUtils.ts
FN:1,__name
FN:1,__export
FN:1,__copyProps
FN:1,get
FN:1,__toESM
FN:1,__toCommonJS
FN:1,initBadgeLevelProgress
FN:1,updateBadgeLevelProgress
FN:1,validateBadgeLevelProgress
FN:11,getNextBadgeLevel
FN:28,initBadgeLevelProgress
FN:55,updateBadgeLevelProgress
FN:150,validateBadgeLevelProgress
FNF:13
FNH:5
FNDA:8,__name
FNDA:2,__export
FNDA:6,__copyProps
FNDA:0,get
FNDA:4,__toESM
FNDA:2,__toCommonJS
FNDA:0,initBadgeLevelProgress
FNDA:0,updateBadgeLevelProgress
FNDA:0,validateBadgeLevelProgress
FNDA:0,getNextBadgeLevel
FNDA:0,initBadgeLevelProgress
FNDA:0,updateBadgeLevelProgress
FNDA:0,validateBadgeLevelProgress
DA:1,1
DA:2,1
DA:3,1
DA:4,1
DA:5,1
DA:6,1
DA:7,1
DA:8,1
DA:9,1
DA:10,1
DA:11,0
DA:12,0
DA:13,0
DA:14,0
DA:15,0
DA:16,0
DA:17,0
DA:18,0
DA:19,0
DA:20,0
DA:21,0
DA:22,0
DA:23,0
DA:24,0
DA:25,0
DA:26,0
DA:27,1
DA:28,0
DA:29,0
DA:30,0
DA:31,0
DA:32,0
DA:33,0
DA:34,0
DA:35,0
DA:36,0
DA:37,0
DA:38,0
DA:39,0
DA:40,0
DA:41,0
DA:42,0
DA:43,0
DA:44,0
DA:45,0
DA:46,0
DA:47,0
DA:48,0
DA:49,0
DA:50,0
DA:51,0
DA:52,0
DA:53,0
DA:54,1
DA:55,0
DA:56,0
DA:57,0
DA:58,0
DA:59,0
DA:60,0
DA:61,0
DA:62,0
DA:63,0
DA:64,0
DA:65,0
DA:66,0
DA:67,0
DA:68,0
DA:69,0
DA:70,0
DA:71,0
DA:72,0
DA:73,0
DA:74,0
DA:75,0
DA:76,0
DA:77,0
DA:78,0
DA:79,0
DA:80,0
DA:81,0
DA:82,0
DA:83,0
DA:84,0
DA:85,0
DA:86,0
DA:87,0
DA:88,0
DA:89,0
DA:90,0
DA:91,0
DA:92,0
DA:93,0
DA:94,0
DA:95,0
DA:96,0
DA:97,0
DA:98,0
DA:99,0
DA:100,0
DA:101,0
DA:102,0
DA:103,0
DA:104,0
DA:105,0
DA:106,0
DA:107,0
DA:108,0
DA:109,0
DA:110,0
DA:111,0
DA:112,0
DA:113,0
DA:114,0
DA:115,0
DA:116,0
DA:117,0
DA:118,0
DA:119,0
DA:120,0
DA:121,0
DA:122,0
DA:123,0
DA:124,0
DA:125,0
DA:126,0
DA:127,0
DA:128,0
DA:129,0
DA:130,0
DA:131,0
DA:132,0
DA:133,0
DA:134,0
DA:135,0
DA:136,0
DA:137,0
DA:138,0
DA:139,0
DA:140,0
DA:141,0
DA:142,0
DA:143,0
DA:144,0
DA:145,0
DA:146,0
DA:147,0
DA:148,0
DA:149,1
DA:150,0
DA:151,0
DA:152,0
DA:153,0
DA:154,0
DA:155,0
DA:156,0
DA:157,0
DA:158,0
DA:159,0
DA:160,0
DA:161,0
DA:162,0
LF:162
LH:13
BRDA:150,0,0,0
BRDA:1,1,0,8
BRDA:1,2,0,2
BRDA:1,3,0,6
BRDA:1,4,0,6
BRDA:1,5,0,0
BRDA:1,6,0,14
BRDA:1,7,0,4
BRDA:1,8,0,0
BRDA:1,9,0,0
BRDA:1,10,0,2
BRF:11
BRH:7
end_of_record
TN:
SF:utils/dateUtils.ts
FN:1,__name
FN:1,__export
FN:1,__copyProps
FN:1,get
FN:1,__toCommonJS
FN:1,combineDayAndTime
FN:1,getESTDate
FN:1,getEndOfDay
FN:1,getEndOfMonth
FN:1,getEndOfWeek
FN:1,getStartOfDay
FN:1,getStartOfMonth
FN:1,getStartOfWeek
FN:1,getUTCDate
FN:1,whichDay
FN:15,getESTDate
FN:19,getUTCDate
FN:23,whichDay
FN:28,getStartOfDay
FN:35,getEndOfDay
FN:42,getStartOfWeek
FN:49,getEndOfWeek
FN:56,getStartOfMonth
FN:63,getEndOfMonth
FN:70,combineDayAndTime
FNF:25
FNH:9
FNDA:20,__name
FNDA:2,__export
FNDA:2,__copyProps
FNDA:1,get
FNDA:2,__toCommonJS
FNDA:0,combineDayAndTime
FNDA:0,getESTDate
FNDA:1,getEndOfDay
FNDA:0,getEndOfMonth
FNDA:0,getEndOfWeek
FNDA:0,getStartOfDay
FNDA:0,getStartOfMonth
FNDA:0,getStartOfWeek
FNDA:0,getUTCDate
FNDA:0,whichDay
FNDA:1,getESTDate
FNDA:1,getUTCDate
FNDA:0,whichDay
FNDA:0,getStartOfDay
FNDA:1,getEndOfDay
FNDA:0,getStartOfWeek
FNDA:0,getEndOfWeek
FNDA:0,getStartOfMonth
FNDA:0,getEndOfMonth
FNDA:0,combineDayAndTime
DA:1,0
DA:2,1
DA:3,1
DA:4,1
DA:5,1
DA:6,1
DA:7,1
DA:8,1
DA:9,1
DA:10,1
DA:11,1
DA:12,1
DA:13,1
DA:14,1
DA:15,1
DA:16,1
DA:17,1
DA:18,1
DA:19,1
DA:20,1
DA:21,1
DA:22,1
DA:23,1
DA:24,0
DA:25,0
DA:26,0
DA:27,1
DA:28,1
DA:29,0
DA:30,0
DA:31,0
DA:32,0
DA:33,0
DA:34,1
DA:35,1
DA:36,1
DA:37,1
DA:38,1
DA:39,1
DA:40,1
DA:41,1
DA:42,1
DA:43,0
DA:44,0
DA:45,0
DA:46,0
DA:47,0
DA:48,1
DA:49,1
DA:50,0
DA:51,0
DA:52,0
DA:53,0
DA:54,0
DA:55,1
DA:56,1
DA:57,0
DA:58,0
DA:59,0
DA:60,0
DA:61,0
DA:62,1
DA:63,1
DA:64,0
DA:65,0
DA:66,0
DA:67,0
DA:68,0
DA:69,1
DA:70,1
DA:71,0
DA:72,0
DA:73,0
DA:74,0
DA:75,0
DA:76,0
DA:77,0
DA:78,0
DA:79,0
DA:80,0
LF:80
LH:41
BRDA:70,0,0,0
BRDA:1,1,0,20
BRDA:1,2,0,2
BRDA:1,3,0,20
BRDA:1,4,0,2
BRDA:1,5,0,0
BRDA:1,6,0,20
BRDA:1,7,0,1
BRDA:1,8,0,2
BRDA:1,9,0,1
BRDA:15,10,0,1
BRDA:19,11,0,1
BRDA:35,12,0,1
BRF:13
BRH:11
end_of_record
TN:
SF:utils/taskUtils.ts
FN:1,__name
FN:1,__export
FN:1,__copyProps
FN:1,get
FN:1,__toESM
FN:1,__toCommonJS
FN:1,assignTasksToParticipants
FN:17,buildStartAndEndDates
FN:80,assignTasksToParticipants
FNF:9
FNH:5
FNDA:2,__name
FNDA:1,__export
FNDA:2,__copyProps
FNDA:0,get
FNDA:1,__toESM
FNDA:1,__toCommonJS
FNDA:0,assignTasksToParticipants
FNDA:0,buildStartAndEndDates
FNDA:0,assignTasksToParticipants
DA:1,1
DA:2,1
DA:3,1
DA:4,1
DA:5,1
DA:6,1
DA:7,1
DA:8,1
DA:9,1
DA:10,1
DA:11,1
DA:12,1
DA:13,1
DA:14,1
DA:15,1
DA:16,1
DA:17,0
DA:18,0
DA:19,0
DA:20,0
DA:21,0
DA:22,0
DA:23,0
DA:24,0
DA:25,0
DA:26,0
DA:27,0
DA:28,0
DA:29,0
DA:30,0
DA:31,0
DA:32,0
DA:33,0
DA:34,0
DA:35,0
DA:36,0
DA:37,0
DA:38,0
DA:39,0
DA:40,0
DA:41,0
DA:42,0
DA:43,0
DA:44,0
DA:45,0
DA:46,0
DA:47,0
DA:48,0
DA:49,0
DA:50,0
DA:51,0
DA:52,0
DA:53,0
DA:54,0
DA:55,0
DA:56,0
DA:57,0
DA:58,0
DA:59,0
DA:60,0
DA:61,0
DA:62,0
DA:63,0
DA:64,0
DA:65,0
DA:66,0
DA:67,0
DA:68,0
DA:69,0
DA:70,0
DA:71,0
DA:72,0
DA:73,0
DA:74,0
DA:75,0
DA:76,0
DA:77,0
DA:78,0
DA:79,1
DA:80,0
DA:81,0
DA:82,0
DA:83,0
DA:84,0
DA:85,0
DA:86,0
DA:87,0
DA:88,0
DA:89,0
DA:90,0
DA:91,0
DA:92,0
DA:93,0
DA:94,0
DA:95,0
DA:96,0
DA:97,0
DA:98,0
DA:99,0
DA:100,0
DA:101,0
DA:102,0
DA:103,0
DA:104,0
DA:105,0
DA:106,0
DA:107,0
DA:108,0
DA:109,0
DA:110,0
DA:111,0
DA:112,0
DA:113,0
DA:114,0
DA:115,0
DA:116,0
DA:117,0
DA:118,0
DA:119,0
DA:120,0
DA:121,0
DA:122,0
DA:123,0
DA:124,0
[...]
FN:27,(anonymous_1)
FNF:2
FNH:0
FNDA:0,(anonymous_0)
FNDA:0,(anonymous_1)
DA:17,37
DA:22,0
DA:23,0
DA:24,0
DA:26,37
DA:27,0
DA:28,0
DA:29,0
DA:30,0
DA:33,0
DA:34,0
DA:35,0
DA:38,0
DA:39,0
DA:40,0
DA:43,0
DA:44,0
DA:52,0
DA:53,0
DA:55,0
DA:59,0
LF:21
LH:2
BRDA:28,0,0,0
BRDA:28,0,1,0
BRDA:33,1,0,0
BRDA:33,1,1,0
BRDA:38,2,0,0
BRDA:38,2,1,0
BRDA:55,3,0,0
BRDA:55,3,1,0
BRF:8
BRH:0
end_of_record
TN:
SF:app/src/participant/pages/progress/components/WeeklyEarningsChart.tsx
FN:26,(anonymous_0)
FN:38,(anonymous_1)
FN:43,(anonymous_2)
FN:49,(anonymous_3)
FN:50,(anonymous_4)
FN:100,(anonymous_5)
FN:104,(anonymous_6)
FN:116,(anonymous_7)
FNF:8
FNH:8
FNDA:8,(anonymous_0)
FNDA:8,(anonymous_1)
FNDA:28,(anonymous_2)
FNDA:8,(anonymous_3)
FNDA:56,(anonymous_4)
FNDA:80,(anonymous_5)
FNDA:56,(anonymous_6)
FNDA:28,(anonymous_7)
DA:26,37
DA:27,8
DA:29,8
DA:33,37
DA:38,8
DA:39,8
DA:40,4
DA:42,4
DA:43,28
DA:46,8
DA:47,8
DA:49,8
DA:50,8
DA:56,8
DA:57,8
DA:59,8
DA:60,0
DA:65,8
DA:117,28
DA:118,28
DA:119,28
DA:120,4
DA:142,37
LF:23
LH:22
BRDA:39,0,0,4
BRDA:39,0,1,4
BRDA:39,1,0,8
BRDA:39,1,1,8
BRDA:39,1,2,4
BRDA:43,2,0,28
BRDA:43,2,1,0
BRDA:59,3,0,0
BRDA:59,3,1,8
BRDA:71,4,0,8
BRDA:71,4,1,0
BRDA:71,5,0,8
BRDA:71,5,1,8
BRDA:119,6,0,24
BRDA:119,6,1,4
BRF:15
BRH:12
end_of_record
TN:
SF:app/src/participant/pages/schedule/Main.tsx
FN:36,ParticipantsSchedulePage
FN:76,(anonymous_1)
FN:99,(anonymous_2)
FN:132,(anonymous_3)
FN:164,(anonymous_4)
FN:192,(anonymous_5)
FNF:6
FNH:2
FNDA:10,ParticipantsSchedulePage
FNDA:0,(anonymous_1)
FNDA:0,(anonymous_2)
FNDA:12,(anonymous_3)
FNDA:0,(anonymous_4)
FNDA:0,(anonymous_5)
DA:36,37
DA:37,10
DA:38,10
DA:39,10
DA:40,10
DA:41,10
DA:45,37
DA:49,10
DA:50,4
DA:53,10
DA:54,0
DA:59,10
DA:61,10
DA:134,12
DA:143,12
DA:150,12
LF:16
LH:15
BRDA:39,0,0,10
BRDA:39,0,1,8
BRDA:49,1,0,4
BRDA:49,1,1,6
BRDA:53,2,0,0
BRDA:53,2,1,10
BRDA:53,3,0,4
BRDA:53,3,1,4
BRDA:59,4,0,4
BRDA:59,4,1,0
BRDA:69,5,0,0
BRDA:69,5,1,4
BRDA:121,6,0,0
BRDA:121,6,1,4
BRDA:134,7,0,12
BRDA:134,7,1,12
BRDA:143,8,0,12
BRDA:143,8,1,8
BRDA:151,9,0,12
BRDA:151,9,1,4
BRDA:167,10,0,12
BRDA:167,10,1,12
BRDA:168,11,0,12
BRDA:168,11,1,0
BRDA:169,12,0,12
BRDA:169,12,1,0
BRDA:170,13,0,12
BRDA:170,13,1,0
BRDA:172,14,0,12
BRDA:172,14,1,0
BRDA:175,15,0,12
BRDA:175,15,1,0
BRDA:185,16,0,10
BRDA:185,16,1,0
BRF:34
BRH:24
end_of_record
TN:
SF:app/src/participant/pages/schedule/components/TaskDetailsModal.tsx
FN:16,TaskDetailsModal
FNF:1
FNH:0
FNDA:0,TaskDetailsModal
DA:16,37
DA:20,0
DA:28,0
LF:3
LH:1
BRDA:20,0,0,0
BRDA:20,0,1,0
BRDA:63,1,0,0
BRDA:63,1,1,0
BRF:4
BRH:0
end_of_record
TN:
SF:app/src/theme/colors.ts
FNF:0
FNH:0
DA:11,37
DA:47,37
LF:2
LH:2
BRF:0
BRH:0
end_of_record
TN:
SF:app/src/theme/components.ts
FNF:0
FNH:0
DA:8,37
DA:13,37
DA:22,37
DA:26,37
DA:31,37
DA:55,37
DA:59,37
DA:78,37
LF:8
LH:8
BRF:0
BRH:0
end_of_record
TN:
SF:app/src/theme/typography.ts
FNF:0
FNH:0
DA:11,37
DA:20,37
LF:2
LH:2
BRF:0
BRH:0
end_of_record
TN:
SF:app/src/types/enums.ts
FNF:0
FNH:0
DA:1,37
DA:11,37
DA:18,37
DA:23,37
DA:40,37
DA:48,37
DA:54,37
DA:61,37
DA:67,37
DA:73,37
LF:10
LH:10
BRF:0
BRH:0
end_of_record
TN:
SF:app/src/ui/UI.tsx
FN:67,UI
FN:119,(anonymous_1)
FN:134,(anonymous_2)
FN:149,(anonymous_3)
FN:246,(anonymous_4)
FN:251,(anonymous_5)
FN:256,(anonymous_6)
FN:262,(anonymous_7)
FN:270,(anonymous_8)
FN:275,(anonymous_9)
FN:280,(anonymous_10)
FN:288,(anonymous_11)
FN:293,(anonymous_12)
FN:297,(anonymous_13)
FN:349,(anonymous_14)
FN:353,(anonymous_15)
FN:357,(anonymous_16)
FN:363,(anonymous_17)
FN:364,(anonymous_18)
FN:377,(anonymous_19)
FN:378,(anonymous_20)
FN:391,(anonymous_21)
FN:392,(anonymous_22)
FN:548,(anonymous_23)
FN:554,(anonymous_24)
FN:555,(anonymous_25)
FN:566,(anonymous_26)
FNF:27
FNH:0
FNDA:0,UI
FNDA:0,(anonymous_1)
FNDA:0,(anonymous_2)
FNDA:0,(anonymous_3)
FNDA:0,(anonymous_4)
FNDA:0,(anonymous_5)
FNDA:0,(anonymous_6)
FNDA:0,(anonymous_7)
FNDA:0,(anonymous_8)
FNDA:0,(anonymous_9)
FNDA:0,(anonymous_10)
FNDA:0,(anonymous_11)
FNDA:0,(anonymous_12)
FNDA:0,(anonymous_13)
FNDA:0,(anonymous_14)
FNDA:0,(anonymous_15)
FNDA:0,(anonymous_16)
FNDA:0,(anonymous_17)
FNDA:0,(anonymous_18)
FNDA:0,(anonymous_19)
FNDA:0,(anonymous_20)
FNDA:0,(anonymous_21)
FNDA:0,(anonymous_22)
FNDA:0,(anonymous_23)
FNDA:0,(anonymous_24)
FNDA:0,(anonymous_25)
FNDA:0,(anonymous_26)
DA:67,37
DA:68,0
DA:69,0
DA:70,0
DA:71,0
DA:72,0
DA:73,0
DA:74,0
DA:75,0
DA:76,0
DA:77,0
DA:78,0
DA:79,0
DA:84,0
DA:87,0
DA:89,0
DA:91,0
DA:92,0
DA:94,0
DA:97,0
DA:98,0
DA:99,0
DA:100,0
DA:106,0
DA:153,0
DA:154,0
DA:229,0
DA:365,0
DA:379,0
DA:393,0
DA:556,0
LF:31
LH:1
BRDA:357,0,0,0
BRDA:357,0,1,0
BRDA:370,1,0,0
BRDA:370,1,1,0
BRDA:384,2,0,0
BRDA:384,2,1,0
BRDA:548,3,0,0
BRDA:548,3,1,0
BRDA:566,4,0,0
BRDA:566,4,1,0
BRF:10
BRH:0
end_of_record
TN:
SF:app/src/ui/badge/BadgeLevelRow.tsx
FN:15,(anonymous_0)
FN:26,getPercentageComplete
FNF:2
FNH:2
FNDA:50,(anonymous_0)
FNDA:50,getPercentageComplete
DA:15,37
DA:20,50
DA:21,50
DA:24,50
DA:26,50
DA:27,50
DA:28,2
DA:30,50
DA:31,50
DA:32,0
DA:34,48
DA:37,50
DA:73,37
DA:75,37
LF:14
LH:13
BRDA:18,0,0,50
BRDA:20,1,0,50
BRDA:20,1,1,0
BRDA:21,2,0,50
BRDA:21,2,1,0
BRDA:24,3,0,48
BRDA:24,3,1,2
BRDA:27,4,0,2
BRDA:27,4,1,48
BRDA:30,5,0,48
BRDA:30,5,1,0
BRDA:31,6,0,0
BRDA:31,6,1,50
BRDA:38,7,0,50
BRDA:38,7,1,44
BRDA:62,8,0,50
BRDA:62,8,1,48
BRF:17
BRH:13
end_of_record
TN:
SF:app/src/ui/badge/BadgeProgress.tsx
FN:38,(anonymous_0)
FN:47,(anonymous_1)
FNF:2
FNH:2
FNDA:50,(anonymous_0)
FNDA:50,(anonymous_1)
DA:8,37
DA:38,37
DA:47,37
DA:52,50
DA:53,50
DA:55,50
DA:57,50
DA:58,50
DA:65,50
DA:103,37
DA:105,37
LF:11
LH:11
BRDA:50,0,0,50
BRDA:52,1,0,50
BRDA:52,1,1,0
BRDA:53,2,0,50
BRDA:53,2,1,0
BRDA:84,3,0,50
BRDA:84,3,1,48
BRF:7
BRH:5
end_of_record
TN:
SF:app/src/ui/badge/CustomBadgeRow.tsx
FN:11,(anonymous_0)
FNF:1
FNH:0
FNDA:0,(anonymous_0)
DA:11,37
DA:12,0
DA:42,37
DA:44,37
LF:4
LH:3
BRDA:13,0,0,0
BRDA:13,0,1,0
BRF:2
BRH:0
end_of_record
TN:
SF:app/src/ui/buttons/BlackOutlineButton.tsx
FN:9,BlackOutlineButton
FNF:1
FNH:1
FNDA:68,BlackOutlineButton
DA:9,68
DA:16,68
LF:2
LH:2
BRDA:13,0,0,68
BRF:1
BRH:1
end_of_record
TN:
SF:app/src/ui/buttons/GreenOutlineButton.tsx
FN:5,GreenOutlineButton
FNF:1
FNH:1
FNDA:100,GreenOutlineButton
DA:5,100
DA:11,100
LF:2
LH:2
BRF:0
BRH:0
end_of_record
TN:
SF:app/src/ui/buttons/OrangeButton.tsx
FN:5,OrangeButton
FNF:1
FNH:1
FNDA:240,OrangeButton
DA:5,240
DA:11,240
LF:2
LH:2
BRF:0
BRH:0
end_of_record
TN:
SF:app/src/ui/buttons/ToggleButton.tsx
FN:9,ToggleButton
FN:20,(anonymous_1)
FNF:2
FNH:0
FNDA:0,ToggleButton
FNDA:0,(anonymous_1)
DA:9,37
DA:10,0
LF:2
LH:1
BRDA:17,0,0,0
BRDA:17,0,1,0
BRDA:31,1,0,0
BRDA:31,1,1,0
BRF:4
BRH:0
end_of_record
TN:
SF:app/src/ui/buttons/UnderlineButton.tsx
FN:7,UnderlineButton
FNF:1
FNH:1
FNDA:140,UnderlineButton
DA:7,140
DA:11,140
LF:2
LH:2
BRF:0
BRH:0
end_of_record
TN:
SF:app/src/ui/containers/PopupContainer.tsx
FN:27,PopupContainer
FNF:1
FNH:1
FNDA:14,PopupContainer
DA:27,37
DA:39,14
LF:2
LH:2
BRDA:29,0,0,14
BRDA:33,1,0,14
BRDA:34,2,0,14
BRDA:35,3,0,14
BRDA:62,4,0,14
BRDA:62,4,1,0
BRDA:69,5,0,14
BRDA:69,5,1,0
BRDA:81,6,0,2
BRDA:81,6,1,12
BRDA:92,7,0,0
BRDA:92,7,1,12
BRDA:104,8,0,12
BRDA:104,8,1,0
BRDA:118,9,0,14
BRDA:118,9,1,14
BRF:16
BRH:12
end_of_record
TN:
SF:app/src/ui/containers/WidgetContainer.tsx
FN:15,WidgetContainer
FNF:1
FNH:1
FNDA:408,WidgetContainer
DA:15,408
DA:25,408
LF:2
LH:2
BRDA:16,0,0,408
BRDA:18,1,0,408
BRDA:19,2,0,408
BRDA:20,3,0,408
BRDA:21,4,0,408
BRDA:22,5,0,408
BRDA:23,6,0,408
BRDA:35,7,0,114
BRDA:35,7,1,294
BRDA:44,8,0,0
BRDA:44,8,1,294
BRF:11
BRH:10
end_of_record
TN:
SF:app/src/ui/icons/ActionIcons.tsx
FN:5,(anonymous_0)
FN:26,(anonymous_1)
FN:44,(anonymous_2)
FN:67,(anonymous_3)
FN:85,(anonymous_4)
FN:108,(anonymous_5)
FN:129,(anonymous_6)
FN:160,(anonymous_7)
FN:178,(anonymous_8)
FN:237,(anonymous_9)
FN:255,(anonymous_10)
FN:275,(anonymous_11)
FNF:12
FNH:7
FNDA:0,(anonymous_0)
FNDA:0,(anonymous_1)
FNDA:0,(anonymous_2)
FNDA:20,(anonymous_3)
FNDA:36,(anonymous_4)
FNDA:8,(anonymous_5)
FNDA:20,(anonymous_6)
FNDA:0,(anonymous_7)
FNDA:12,(anonymous_8)
FNDA:152,(anonymous_9)
FNDA:20,(anonymous_10)
FNDA:0,(anonymous_11)
DA:5,37
DA:9,37
DA:10,0
DA:26,37
DA:27,37
DA:28,0
DA:44,37
DA:48,37
DA:49,0
DA:67,37
DA:68,37
DA:69,20
DA:85,37
DA:86,37
DA:87,36
DA:108,37
DA:112,37
DA:113,8
DA:129,37
DA:133,37
DA:134,20
DA:160,37
DA:176,37
DA:178,37
DA:182,37
DA:183,12
DA:237,152
DA:238,152
DA:239,152
DA:255,37
DA:256,37
DA:257,20
DA:275,37
DA:290,37
LF:34
LH:31
BRDA:6,0,0,0
BRDA:7,1,0,0
BRDA:26,2,0,0
BRDA:26,3,0,0
BRDA:45,4,0,0
BRDA:46,5,0,0
BRDA:67,6,0,20
BRDA:67,7,0,20
BRDA:85,8,0,36
BRDA:85,9,0,36
BRDA:109,10,0,8
BRDA:110,11,0,8
BRDA:130,12,0,20
BRDA:131,13,0,20
BRDA:161,14,0,0
BRDA:162,15,0,0
BRDA:179,16,0,12
BRDA:180,17,0,12
BRDA:237,18,0,152
BRDA:237,19,0,152
BRDA:255,20,0,20
BRDA:255,21,0,20
BRDA:275,22,0,0
BRDA:275,23,0,0
BRF:24
BRH:14
end_of_record
TN:
SF:app/src/ui/icons/BadgeIcons.tsx
FN:5,(anonymous_0)
FN:25,(anonymous_1)
FN:70,(anonymous_2)
FN:91,(anonymous_3)
FN:112,(anonymous_4)
FN:143,(anonymous_5)
FN:164,(anonymous_6)
FN:185,(anonymous_7)
FN:206,(anonymous_8)
FN:227,(anonymous_9)
FN:245,(anonymous_10)
FN:268,(anonymous_11)
FN:296,(anonymous_12)
FN:324,(anonymous_13)
FNF:14
FNH:8
FNDA:0,(anonymous_0)
FNDA:20,(anonymous_1)
FNDA:4,(anonymous_2)
FNDA:4,(anonymous_3)
FNDA:4,(anonymous_4)
FNDA:6,(anonymous_5)
FNDA:0,(anonymous_6)
FNDA:0,(anonymous_7)
FNDA:4,(anonymous_8)
FNDA:0,(anonymous_9)
FNDA:4,(anonymous_10)
FNDA:0,(anonymous_11)
FNDA:4,(anonymous_12)
FNDA:0,(anonymous_13)
DA:5,37
DA:6,37
DA:7,0
DA:25,37
DA:29,37
DA:30,20
DA:70,37
DA:74,37
DA:75,4
DA:91,37
DA:95,37
DA:96,4
DA:112,37
DA:116,37
DA:117,4
DA:143,37
DA:147,37
DA:148,6
DA:164,37
DA:168,37
DA:169,0
DA:185,37
DA:189,37
DA:190,0
DA:206,37
DA:210,37
DA:211,4
DA:227,37
DA:228,37
DA:229,0
DA:245,37
DA:249,37
DA:250,4
DA:268,37
DA:272,37
DA:273,0
DA:296,37
DA:300,37
DA:301,4
DA:324,37
DA:328,37
DA:329,0
LF:42
LH:36
BRDA:5,0,0,0
BRDA:5,1,0,0
BRDA:26,2,0,20
BRDA:27,3,0,20
BRDA:71,4,0,4
BRDA:72,5,0,4
BRDA:92,6,0,4
BRDA:93,7,0,4
BRDA:113,8,0,4
BRDA:114,9,0,4
BRDA:144,10,0,6
BRDA:145,11,0,6
BRDA:165,12,0,0
BRDA:166,13,0,0
BRDA:186,14,0,0
BRDA:187,15,0,0
BRDA:207,16,0,4
BRDA:208,17,0,4
BRDA:227,18,0,0
BRDA:227,19,0,0
BRDA:246,20,0,4
BRDA:247,21,0,4
BRDA:269,22,0,0
BRDA:270,23,0,0
BRDA:297,24,0,4
BRDA:298,25,0,4
BRDA:325,26,0,0
BRDA:326,27,0,0
BRF:28
BRH:16
end_of_record
TN:
SF:app/src/ui/icons/BadgeLevelFrameIcons.tsx
FN:5,(anonymous_0)
FN:37,(anonymous_1)
FN:85,(anonymous_2)
FN:133,(anonymous_3)
FN:181,(anonymous_4)
FN:229,(anonymous_5)
FNF:6
FNH:5
FNDA:26,(anonymous_0)
FNDA:8,(anonymous_1)
FNDA:8,(anonymous_2)
FNDA:4,(anonymous_3)
FNDA:4,(anonymous_4)
FNDA:0,(anonymous_5)
DA:5,37
DA:35,37
DA:37,37
DA:83,37
DA:85,37
DA:131,37
DA:133,37
DA:179,37
DA:181,37
DA:227,37
DA:229,37
DA:289,37
LF:12
LH:12
BRDA:5,0,0,26
BRDA:37,1,0,8
BRDA:85,2,0,8
BRDA:133,3,0,4
BRDA:181,4,0,4
BRDA:229,5,0,0
BRF:6
BRH:5
end_of_record
TN:
SF:app/src/ui/icons/MiscIcons.tsx
FN:5,(anonymous_0)
FN:28,(anonymous_1)
FN:87,(anonymous_2)
FN:125,(anonymous_3)
FN:147,(anonymous_4)
FN:217,(anonymous_5)
FN:241,(anonymous_6)
FN:256,(anonymous_7)
FN:289,(anonymous_8)
FNF:9
FNH:4
FNDA:8,(anonymous_0)
FNDA:8,(anonymous_1)
FNDA:220,(anonymous_2)
FNDA:0,(anonymous_3)
FNDA:0,(anonymous_4)
FNDA:0,(anonymous_5)
FNDA:0,(anonymous_6)
FNDA:0,(anonymous_7)
FNDA:154,(anonymous_8)
DA:5,37
DA:9,37
DA:10,8
DA:28,37
DA:29,37
DA:30,8
DA:87,37
DA:123,37
DA:125,37
DA:145,37
DA:147,37
DA:215,37
DA:217,37
DA:221,37
DA:222,0
DA:241,37
DA:254,37
DA:256,37
DA:260,37
DA:261,0
DA:289,37
DA:293,154
DA:294,154
LF:23
LH:21
BRDA:6,0,0,8
BRDA:7,1,0,8
BRDA:28,2,0,8
BRDA:28,3,0,8
BRDA:87,4,0,220
BRDA:125,5,0,0
BRDA:147,6,0,0
BRDA:218,7,0,0
BRDA:219,8,0,0
BRDA:241,9,0,0
BRDA:257,10,0,0
BRDA:258,11,0,0
BRDA:290,12,0,154
BRDA:291,13,0,154
BRF:14
BRH:7
end_of_record
TN:
SF:app/src/ui/icons/NotificationIcons.tsx
FN:5,(anonymous_0)
FN:23,(anonymous_1)
FN:38,(anonymous_2)
FNF:3
FNH:0
FNDA:0,(anonymous_0)
FNDA:0,(anonymous_1)
FNDA:0,(anonymous_2)
DA:5,37
DA:6,37
DA:7,0
DA:23,37
DA:24,37
DA:25,0
DA:38,37
DA:42,37
DA:43,0
LF:9
LH:6
BRDA:5,0,0,0
BRDA:5,1,0,0
BRDA:23,2,0,0
BRDA:23,3,0,0
BRDA:39,4,0,0
BRDA:40,5,0,0
BRF:6
BRH:0
end_of_record
TN:
SF:app/src/ui/icons/StatusIcons.tsx
FN:4,(anonymous_0)
FN:20,(anonymous_1)
FN:42,(anonymous_2)
FN:62,(anonymous_3)
FNF:4
FNH:1
FNDA:12,(anonymous_0)
FNDA:0,(anonymous_1)
FNDA:0,(anonymous_2)
FNDA:0,(anonymous_3)
DA:4,37
DA:18,37
DA:20,37
DA:40,37
DA:42,37
DA:60,37
DA:62,37
DA:80,37
LF:8
LH:8
BRDA:4,0,0,12
BRDA:20,1,0,0
BRDA:42,2,0,0
BRDA:62,3,0,0
BRF:4
BRH:1
end_of_record
TN:
SF:app/src/ui/inputs/DateInput.tsx
FN:9,DateInput
FN:27,(anonymous_1)
FNF:2
FNH:2
FNDA:8,DateInput
FNDA:1,(anonymous_1)
DA:9,37
DA:15,8
DA:17,8
LF:3
LH:3
BRDA:15,0,0,0
BRDA:15,0,1,8
BRDA:18,1,0,8
BRDA:18,1,1,8
BRDA:26,2,0,4
BRDA:26,2,1,4
BRF:6
BRH:5
end_of_record
TN:
SF:app/src/ui/inputs/DropdownInput.tsx
FN:9,DropdownInput
FN:28,(anonymous_1)
FN:43,(anonymous_2)
FNF:3
FNH:3
FNDA:38,DropdownInput
FNDA:5,(anonymous_1)
FNDA:76,(anonymous_2)
DA:9,38
DA:17,38
DA:19,38
LF:3
LH:3
BRDA:14,0,0,38
BRDA:17,1,0,0
BRDA:17,1,1,38
BRDA:20,2,0,38
BRDA:20,2,1,0
BRDA:27,3,0,38
BRDA:27,3,1,0
BRDA:27,4,0,38
BRDA:27,4,1,38
BRF:9
BRH:6
end_of_record
TN:
SF:app/src/ui/inputs/FixedInput.tsx
FN:9,FixedInput
FNF:1
FNH:0
FNDA:0,FixedInput
DA:9,37
DA:14,0
LF:2
LH:1
BRDA:10,0,0,0
BRDA:18,1,0,0
BRDA:18,1,1,0
BRF:3
BRH:0
end_of_record
TN:
SF:app/src/ui/inputs/NumberInput.tsx
FN:5,NumberInput
FN:25,(anonymous_1)
FNF:2
FNH:2
FNDA:116,NumberInput
FNDA:11,(anonymous_1)
DA:5,116
DA:12,116
DA:14,116
LF:3
LH:3
BRDA:12,0,0,0
BRDA:12,0,1,116
BRDA:15,1,0,116
BRDA:15,1,1,8
BRDA:23,2,0,50
BRDA:23,2,1,66
BRDA:25,3,0,11
BRDA:25,3,1,0
BRF:8
BRH:6
end_of_record
TN:
SF:app/src/ui/inputs/PasswordInput.tsx
FN:13,PasswordInput
FN:35,(anonymous_1)
FN:56,(anonymous_2)
FNF:3
FNH:2
FNDA:154,PasswordInput
FNDA:16,(anonymous_1)
FNDA:0,(anonymous_2)
DA:13,154
DA:20,154
DA:21,154
DA:23,154
LF:4
LH:4
BRDA:16,0,0,154
BRDA:21,1,0,0
BRDA:21,1,1,154
BRDA:24,2,0,154
BRDA:24,2,1,8
BRDA:32,3,0,0
BRDA:32,3,1,154
BRDA:55,4,0,0
BRDA:55,4,1,154
BRF:9
BRH:6
end_of_record
TN:
SF:app/src/ui/inputs/SelectInput.tsx
FN:9,SelectInput
FN:24,(anonymous_1)
FN:26,(anonymous_2)
FNF:3
FNH:0
FNDA:0,SelectInput
FNDA:0,(anonymous_1)
FNDA:0,(anonymous_2)
DA:9,37
DA:15,0
LF:2
LH:1
BRDA:16,0,0,0
BRDA:16,0,1,0
BRF:2
BRH:0
end_of_record
TN:
SF:app/src/ui/inputs/TextAreaInput.tsx
FN:5,TextAreaInput
FN:22,(anonymous_1)
FNF:2
FNH:0
FNDA:0,TextAreaInput
FNDA:0,(anonymous_1)
DA:5,37
DA:11,0
DA:13,0
LF:3
LH:1
BRDA:11,0,0,0
BRDA:11,0,1,0
BRDA:14,1,0,0
BRDA:14,1,1,0
BRF:4
BRH:0
end_of_record
TN:
SF:app/src/ui/inputs/TextInput.tsx
FN:5,TextInput
FN:24,(anonymous_1)
FNF:2
FNH:0
FNDA:0,TextInput
FNDA:0,(anonymous_1)
DA:5,37
DA:11,0
DA:13,0
LF:3
LH:1
BRDA:11,0,0,0
BRDA:11,0,1,0
BRDA:14,1,0,0
BRDA:14,1,1,0
BRF:4
BRH:0
end_of_record
TN:
SF:app/src/ui/inputs/TimeInput.tsx
FN:9,TimeInput
FN:27,(anonymous_1)
FNF:2
FNH:0
FNDA:0,TimeInput
FNDA:0,(anonymous_1)
DA:9,37
DA:15,0
DA:17,0
LF:3
LH:1
BRDA:15,0,0,0
BRDA:15,0,1,0
BRDA:18,1,0,0
BRDA:18,1,1,0
BRDA:26,2,0,0
BRDA:26,2,1,0
BRF:6
BRH:0
end_of_record
TN:
SF:app/src/ui/misc/DataTable.tsx
FN:34,(anonymous_0)
FN:44,(anonymous_1)
FN:81,(anonymous_2)
FN:88,(anonymous_3)
FNF:4
FNH:4
FNDA:28,(anonymous_0)
FNDA:152,(anonymous_1)
FNDA:16,(anonymous_2)
FNDA:88,(anonymous_3)
DA:34,37
DA:35,28
DA:130,37
DA:132,37
LF:4
LH:4
BRDA:51,0,0,52
BRDA:51,0,1,100
BRDA:59,1,0,12
BRDA:59,1,1,16
BRDA:64,2,0,0
BRDA:64,2,1,16
BRDA:87,3,0,4
BRDA:87,3,1,12
BRDA:91,4,0,28
BRDA:91,4,1,60
BRF:10
BRH:9
end_of_record
TN:
SF:app/src/ui/misc/DateOptions.tsx
FN:32,DateOptions
FN:48,(anonymous_1)
FN:55,(anonymous_2)
FN:76,(anonymous_3)
FN:83,handleSelectDay
FN:91,(anonymous_5)
FN:122,(anonymous_6)
FN:132,(anonymous_7)
FN:140,(anonymous_8)
FN:145,(anonymous_9)
FN:155,(anonymous_10)
FNF:11
FNH:0
FNDA:0,DateOptions
FNDA:0,(anonymous_1)
FNDA:0,(anonymous_2)
FNDA:0,(anonymous_3)
FNDA:0,handleSelectDay
FNDA:0,(anonymous_5)
FNDA:0,(anonymous_6)
FNDA:0,(anonymous_7)
FNDA:0,(anonymous_8)
FNDA:0,(anonymous_9)
FNDA:0,(anonymous_10)
DA:32,37
DA:48,0
DA:49,0
DA:50,0
DA:51,0
DA:55,0
DA:56,0
DA:57,0
DA:58,0
DA:59,0
DA:60,0
DA:61,0
DA:62,0
DA:63,0
DA:64,0
DA:65,0
DA:66,0
DA:67,0
DA:68,0
DA:72,0
DA:76,0
DA:77,0
DA:78,0
DA:79,0
DA:83,0
DA:84,0
DA:85,0
DA:86,0
DA:87,0
DA:88,0
DA:89,0
DA:91,0
DA:93,0
DA:94,0
DA:95,0
DA:96,0
DA:97,0
DA:98,0
DA:99,0
DA:100,0
DA:101,0
DA:103,0
DA:105,0
DA:106,0
DA:108,0
DA:113,0
DA:156,0
DA:157,0
DA:158,0
DA:160,0
LF:50
LH:1
BRDA:33,0,0,0
BRDA:49,1,0,0
BRDA:49,1,1,0
BRDA:56,2,0,0
BRDA:56,2,1,0
BRDA:58,3,0,0
BRDA:58,3,1,0
BRDA:62,4,0,0
BRDA:62,4,1,0
BRDA:68,5,0,0
BRDA:68,5,1,0
BRDA:77,6,0,0
BRDA:77,6,1,0
BRDA:84,7,0,0
BRDA:84,7,1,0
BRDA:85,8,0,0
BRDA:85,8,1,0
BRDA:87,9,0,0
BRDA:87,9,1,0
BRDA:88,10,0,0
BRDA:88,10,1,0
BRDA:93,11,0,0
BRDA:93,11,1,0
BRDA:94,12,0,0
BRDA:94,12,1,0
BRDA:96,13,0,0
BRDA:96,13,1,0
BRDA:100,14,0,0
BRDA:100,14,1,0
BRDA:105,15,0,0
BRDA:105,15,1,0
BRDA:114,16,0,0
BRDA:114,16,1,0
BRDA:114,16,2,0
BRDA:123,17,0,0
BRDA:123,17,1,0
BRDA:146,18,0,0
BRDA:146,18,1,0
BRDA:148,19,0,0
BRDA:148,19,1,0
BRDA:156,20,0,0
BRDA:156,20,1,0
BRDA:165,21,0,0
BRDA:165,21,1,0
BRF:44
BRH:0
end_of_record
TN:
SF:app/src/ui/misc/MarillacPlaceCalendar.tsx
FN:25,CustomHeader
FN:72,AssignedTaskEvent
FN:81,(anonymous_2)
FN:106,MarillacPlaceCalendar
FN:120,(anonymous_4)
FN:121,(anonymous_5)
FN:127,(anonymous_6)
FN:128,(anonymous_7)
FN:129,(anonymous_8)
FN:134,(anonymous_9)
FN:137,(anonymous_10)
FN:148,(anonymous_11)
FNF:12
FNH:9
FNDA:84,CustomHeader
FNDA:36,AssignedTaskEvent
FNDA:0,(anonymous_2)
FNDA:6,MarillacPlaceCalendar
FNDA:8,(anonymous_4)
FNDA:0,(anonymous_5)
FNDA:246,(anonymous_6)
FNDA:210,(anonymous_7)
FNDA:120,(anonymous_8)
FNDA:0,(anonymous_9)
FNDA:36,(anonymous_10)
FNDA:36,(anonymous_11)
DA:25,84
DA:26,84
DA:27,84
DA:28,84
DA:30,84
DA:72,36
DA:76,36
DA:77,36
DA:106,37
DA:112,6
DA:113,6
DA:138,36
DA:139,36
DA:149,36
DA:150,36
LF:15
LH:15
BRDA:50,0,0,12
BRDA:50,0,1,72
BRDA:58,1,0,12
BRDA:58,1,1,72
BRDA:86,2,0,36
BRDA:86,2,1,0
BRDA:112,3,0,0
BRDA:112,3,1,4
BRF:8
BRH:6
end_of_record
TN:
SF:app/src/ui/misc/TaskStatusDisplay.tsx
FN:38,TaskStatusDisplay
FNF:1
FNH:0
FNDA:0,TaskStatusDisplay
DA:11,37
DA:38,37
DA:42,0
DA:43,0
LF:4
LH:2
BRDA:40,0,0,0
BRF:1
BRH:0
end_of_record
TN:
SF:app/src/ui/screens/ErrorScreen.tsx
FN:9,handleClick
FN:13,ErrorScreen
FN:69,(anonymous_2)
FNF:3
FNH:0
FNDA:0,handleClick
FNDA:0,ErrorScreen
FNDA:0,(anonymous_2)
DA:9,0
DA:10,0
DA:13,37
DA:16,0
LF:4
LH:1
BRDA:14,0,0,0
BRF:1
BRH:0
end_of_record
TN:
SF:app/src/ui/screens/LoadingScreen.tsx
FN:7,LoadingScreen
FNF:1
FNH:1
FNDA:272,LoadingScreen
DA:7,272
DA:10,272
LF:2
LH:2
BRDA:8,0,0,272
BRF:1
BRH:1
end_of_record
TN:
SF:app/src/ui/screens/NotFoundScreen.tsx
FN:10,NotFoundScreen
FN:13,handleClick
FN:52,(anonymous_2)
FNF:3
FNH:0
FNDA:0,NotFoundScreen
FNDA:0,handleClick
FNDA:0,(anonymous_2)
DA:10,37
DA:11,37
DA:13,0
DA:14,0
DA:15,0
DA:16,0
DA:18,0
DA:22,0
LF:8
LH:2
BRDA:15,0,0,0
BRDA:15,0,1,0
BRDA:15,1,0,0
BRDA:15,1,1,0
BRF:4
BRH:0
end_of_record
TN:
SF:frontend/src/index.css-e42b
FN:27,isEqualLocals
FN:57,(anonymous_1)
FN:57,(anonymous_2)
FN:71,(anonymous_3)
FNF:4
FNH:0
FNDA:0,isEqualLocals
FNDA:0,(anonymous_1)
FNDA:0,(anonymous_2)
FNDA:0,(anonymous_3)
DA:12,37
DA:14,37
DA:15,37
DA:17,37
DA:19,37
DA:20,37
DA:22,37
DA:25,37
DA:26,37
DA:27,37
DA:28,0
DA:29,0
DA:31,0
DA:32,0
DA:33,0
DA:35,0
DA:37,0
DA:38,0
DA:41,0
DA:42,0
DA:44,0
DA:46,0
DA:47,0
DA:50,0
DA:52,37
DA:53,37
DA:55,37
DA:57,0
DA:58,0
DA:59,0
DA:61,0
DA:64,0
DA:66,0
DA:71,37
DA:72,0
DA:78,37
LF:36
LH:15
BRDA:25,0,0,37
BRDA:25,0,1,0
BRDA:26,1,0,37
BRDA:26,1,1,0
BRDA:26,2,0,37
BRDA:26,2,1,37
BRDA:28,3,0,0
BRDA:28,3,1,0
BRDA:28,4,0,0
BRDA:28,4,1,0
BRDA:28,4,2,0
BRDA:28,4,3,0
BRDA:33,5,0,0
BRDA:33,5,1,0
BRDA:33,6,0,0
BRDA:33,6,1,0
BRDA:37,7,0,0
BRDA:37,7,1,0
BRDA:42,8,0,0
BRDA:42,8,1,0
BRDA:42,9,0,0
BRDA:42,9,1,0
BRDA:46,10,0,0
BRDA:46,10,1,0
BRDA:53,11,0,0
BRDA:53,11,1,37
BRDA:58,12,0,0
BRDA:58,12,1,0
BRDA:58,13,0,0
BRDA:58,13,1,0
BRDA:64,14,0,0
BRDA:64,14,1,0
BRDA:78,15,0,37
BRDA:78,15,1,0
BRF:34
BRH:6
end_of_record

